TimeQuest Timing Analyzer report for Practica7
Mon Nov 16 21:19:13 2020
Quartus II 64-Bit Version 13.0.1 Build 232 06/12/2013 Service Pack 1 SJ Web Edition


---------------------
; Table of Contents ;
---------------------
  1. Legal Notice
  2. TimeQuest Timing Analyzer Summary
  3. Parallel Compilation
  4. Clocks
  5. Slow Model Fmax Summary
  6. Slow Model Setup Summary
  7. Slow Model Hold Summary
  8. Slow Model Recovery Summary
  9. Slow Model Removal Summary
 10. Slow Model Minimum Pulse Width Summary
 11. Propagation Delay
 12. Minimum Propagation Delay
 13. Fast Model Setup Summary
 14. Fast Model Hold Summary
 15. Fast Model Recovery Summary
 16. Fast Model Removal Summary
 17. Fast Model Minimum Pulse Width Summary
 18. Propagation Delay
 19. Minimum Propagation Delay
 20. Multicorner Timing Analysis Summary
 21. Progagation Delay
 22. Minimum Progagation Delay
 23. Clock Transfers
 24. Report TCCS
 25. Report RSKM
 26. Unconstrained Paths
 27. TimeQuest Timing Analyzer Messages



----------------
; Legal Notice ;
----------------
Copyright (C) 1991-2013 Altera Corporation
Your use of Altera Corporation's design tools, logic functions 
and other software and tools, and its AMPP partner logic 
functions, and any output files from any of the foregoing 
(including device programming or simulation files), and any 
associated documentation or information are expressly subject 
to the terms and conditions of the Altera Program License 
Subscription Agreement, Altera MegaCore Function License 
Agreement, or other applicable license agreement, including, 
without limitation, that your use is for the sole purpose of 
programming logic devices manufactured by Altera and sold by 
Altera or its authorized distributors.  Please refer to the 
applicable agreement for further details.



+----------------------------------------------------------------------------------------+
; TimeQuest Timing Analyzer Summary                                                      ;
+--------------------+-------------------------------------------------------------------+
; Quartus II Version ; Version 13.0.1 Build 232 06/12/2013 Service Pack 1 SJ Web Edition ;
; Revision Name      ; Practica7                                                         ;
; Device Family      ; Cyclone II                                                        ;
; Device Name        ; EP2C20F484C7                                                      ;
; Timing Models      ; Final                                                             ;
; Delay Model        ; Combined                                                          ;
; Rise/Fall Delays   ; Unavailable                                                       ;
+--------------------+-------------------------------------------------------------------+


Parallel compilation was disabled, but you have multiple processors available. Enable parallel compilation to reduce compilation time.
+-------------------------------------+
; Parallel Compilation                ;
+----------------------------+--------+
; Processors                 ; Number ;
+----------------------------+--------+
; Number detected on machine ; 8      ;
; Maximum allowed            ; 1      ;
+----------------------------+--------+


----------
; Clocks ;
----------
No clocks to report.


---------------------------
; Slow Model Fmax Summary ;
---------------------------
No paths to report.


----------------------------
; Slow Model Setup Summary ;
----------------------------
No paths to report.


---------------------------
; Slow Model Hold Summary ;
---------------------------
No paths to report.


-------------------------------
; Slow Model Recovery Summary ;
-------------------------------
No paths to report.


------------------------------
; Slow Model Removal Summary ;
------------------------------
No paths to report.


------------------------------------------
; Slow Model Minimum Pulse Width Summary ;
------------------------------------------
No paths to report.


+--------------------------------------------------------------+
; Propagation Delay                                            ;
+------------+-------------+--------+--------+--------+--------+
; Input Port ; Output Port ; RR     ; RF     ; FR     ; FF     ;
+------------+-------------+--------+--------+--------+--------+
; a[0]       ; ov          ; 19.069 ; 19.069 ; 19.069 ; 19.069 ;
; a[0]       ; s1[1]       ; 18.569 ; 18.569 ; 18.569 ; 18.569 ;
; a[0]       ; s1[2]       ; 18.242 ; 18.242 ; 18.242 ; 18.242 ;
; a[0]       ; s1[3]       ; 18.559 ; 18.559 ; 18.559 ; 18.559 ;
; a[0]       ; s1[6]       ; 18.242 ; 18.242 ; 18.242 ; 18.242 ;
; a[0]       ; s2[0]       ; 16.645 ; 16.645 ; 16.645 ; 16.645 ;
; a[0]       ; s2[1]       ; 17.164 ; 17.164 ; 17.164 ; 17.164 ;
; a[0]       ; s2[2]       ; 16.327 ; 16.327 ; 16.327 ; 16.327 ;
; a[0]       ; s2[3]       ; 16.289 ; 16.289 ; 16.289 ; 16.289 ;
; a[0]       ; s2[4]       ; 16.972 ; 16.972 ; 16.972 ; 16.972 ;
; a[0]       ; s2[5]       ; 16.332 ; 16.332 ; 16.332 ; 16.332 ;
; a[0]       ; s2[6]       ; 16.296 ; 16.296 ; 16.296 ; 16.296 ;
; a[1]       ; ov          ; 20.002 ; 20.002 ; 20.002 ; 20.002 ;
; a[1]       ; s1[1]       ; 19.502 ; 19.502 ; 19.502 ; 19.502 ;
; a[1]       ; s1[2]       ; 19.175 ; 19.175 ; 19.175 ; 19.175 ;
; a[1]       ; s1[3]       ; 19.492 ; 19.492 ; 19.492 ; 19.492 ;
; a[1]       ; s1[6]       ; 19.175 ; 19.175 ; 19.175 ; 19.175 ;
; a[1]       ; s2[0]       ; 17.578 ; 17.578 ; 17.578 ; 17.578 ;
; a[1]       ; s2[1]       ; 18.097 ; 18.097 ; 18.097 ; 18.097 ;
; a[1]       ; s2[2]       ; 17.260 ; 17.260 ; 17.260 ; 17.260 ;
; a[1]       ; s2[3]       ; 17.222 ; 17.222 ; 17.222 ; 17.222 ;
; a[1]       ; s2[4]       ; 17.905 ; 17.905 ; 17.905 ; 17.905 ;
; a[1]       ; s2[5]       ; 17.265 ; 17.265 ; 17.265 ; 17.265 ;
; a[1]       ; s2[6]       ; 17.229 ; 17.229 ; 17.229 ; 17.229 ;
; a[2]       ; ov          ; 19.451 ; 19.451 ; 19.451 ; 19.451 ;
; a[2]       ; s1[1]       ; 18.951 ; 18.951 ; 18.951 ; 18.951 ;
; a[2]       ; s1[2]       ; 18.624 ; 18.624 ; 18.624 ; 18.624 ;
; a[2]       ; s1[3]       ; 18.941 ; 18.941 ; 18.941 ; 18.941 ;
; a[2]       ; s1[6]       ; 18.624 ; 18.624 ; 18.624 ; 18.624 ;
; a[2]       ; s2[0]       ; 16.952 ; 16.952 ; 16.952 ; 16.952 ;
; a[2]       ; s2[1]       ; 17.471 ; 17.471 ; 17.471 ; 17.471 ;
; a[2]       ; s2[2]       ; 16.634 ; 16.634 ; 16.634 ; 16.634 ;
; a[2]       ; s2[3]       ; 16.596 ; 16.596 ; 16.596 ; 16.596 ;
; a[2]       ; s2[4]       ; 17.279 ; 17.279 ; 17.279 ; 17.279 ;
; a[2]       ; s2[5]       ; 16.639 ; 16.639 ; 16.639 ; 16.639 ;
; a[2]       ; s2[6]       ; 16.603 ; 16.603 ; 16.603 ; 16.603 ;
; a[3]       ; ov          ; 19.294 ; 19.294 ; 19.294 ; 19.294 ;
; a[3]       ; s1[1]       ; 18.467 ; 18.467 ; 18.467 ; 18.467 ;
; a[3]       ; s1[2]       ; 18.140 ; 18.140 ; 18.140 ; 18.140 ;
; a[3]       ; s1[3]       ; 18.457 ; 18.457 ; 18.457 ; 18.457 ;
; a[3]       ; s1[6]       ; 18.140 ; 18.140 ; 18.140 ; 18.140 ;
; a[3]       ; s2[0]       ; 16.468 ; 16.468 ; 16.468 ; 16.468 ;
; a[3]       ; s2[1]       ; 16.987 ; 16.987 ; 16.987 ; 16.987 ;
; a[3]       ; s2[2]       ; 16.150 ; 16.150 ; 16.150 ; 16.150 ;
; a[3]       ; s2[3]       ; 16.112 ; 16.112 ; 16.112 ; 16.112 ;
; a[3]       ; s2[4]       ; 16.795 ; 16.795 ; 16.795 ; 16.795 ;
; a[3]       ; s2[5]       ; 16.155 ; 16.155 ; 16.155 ; 16.155 ;
; a[3]       ; s2[6]       ; 16.119 ; 16.119 ; 16.119 ; 16.119 ;
; a[4]       ; ov          ; 19.025 ; 19.025 ; 19.025 ; 19.025 ;
; a[4]       ; s1[1]       ; 17.516 ; 17.516 ; 17.516 ; 17.516 ;
; a[4]       ; s1[2]       ; 17.189 ; 17.189 ; 17.189 ; 17.189 ;
; a[4]       ; s1[3]       ; 17.506 ; 17.506 ; 17.506 ; 17.506 ;
; a[4]       ; s1[6]       ; 17.189 ; 17.189 ; 17.189 ; 17.189 ;
; b[0]       ; ov          ; 19.630 ; 19.630 ; 19.630 ; 19.630 ;
; b[0]       ; s1[1]       ; 19.130 ; 19.130 ; 19.130 ; 19.130 ;
; b[0]       ; s1[2]       ; 18.803 ; 18.803 ; 18.803 ; 18.803 ;
; b[0]       ; s1[3]       ; 19.120 ; 19.120 ; 19.120 ; 19.120 ;
; b[0]       ; s1[6]       ; 18.803 ; 18.803 ; 18.803 ; 18.803 ;
; b[0]       ; s2[0]       ; 17.206 ; 17.206 ; 17.206 ; 17.206 ;
; b[0]       ; s2[1]       ; 17.725 ; 17.725 ; 17.725 ; 17.725 ;
; b[0]       ; s2[2]       ; 16.888 ; 16.888 ; 16.888 ; 16.888 ;
; b[0]       ; s2[3]       ; 16.850 ; 16.850 ; 16.850 ; 16.850 ;
; b[0]       ; s2[4]       ; 17.533 ; 17.533 ; 17.533 ; 17.533 ;
; b[0]       ; s2[5]       ; 16.893 ; 16.893 ; 16.893 ; 16.893 ;
; b[0]       ; s2[6]       ; 16.857 ; 16.857 ; 16.857 ; 16.857 ;
; b[1]       ; ov          ; 19.078 ; 19.078 ; 19.078 ; 19.078 ;
; b[1]       ; s1[1]       ; 18.439 ; 18.439 ; 18.439 ; 18.439 ;
; b[1]       ; s1[2]       ; 18.112 ; 18.112 ; 18.112 ; 18.112 ;
; b[1]       ; s1[3]       ; 18.429 ; 18.429 ; 18.429 ; 18.429 ;
; b[1]       ; s1[6]       ; 18.112 ; 18.112 ; 18.112 ; 18.112 ;
; b[1]       ; s2[0]       ; 16.676 ; 16.676 ; 16.676 ; 16.676 ;
; b[1]       ; s2[1]       ; 17.195 ; 17.195 ; 17.195 ; 17.195 ;
; b[1]       ; s2[2]       ; 16.360 ; 16.360 ; 16.360 ; 16.360 ;
; b[1]       ; s2[3]       ; 16.319 ; 16.319 ; 16.319 ; 16.319 ;
; b[1]       ; s2[4]       ; 16.974 ; 16.974 ; 16.974 ; 16.974 ;
; b[1]       ; s2[5]       ; 16.362 ; 16.362 ; 16.362 ; 16.362 ;
; b[1]       ; s2[6]       ; 16.321 ; 16.321 ; 16.321 ; 16.321 ;
; b[2]       ; ov          ; 19.761 ; 19.761 ; 19.761 ; 19.761 ;
; b[2]       ; s1[1]       ; 18.620 ; 18.620 ; 18.620 ; 18.620 ;
; b[2]       ; s1[2]       ; 18.293 ; 18.293 ; 18.293 ; 18.293 ;
; b[2]       ; s1[3]       ; 18.610 ; 18.610 ; 18.610 ; 18.610 ;
; b[2]       ; s1[6]       ; 18.293 ; 18.293 ; 18.293 ; 18.293 ;
; b[2]       ; s2[0]       ; 16.477 ; 16.477 ; 16.477 ; 16.477 ;
; b[2]       ; s2[1]       ; 16.996 ; 16.996 ; 16.996 ; 16.996 ;
; b[2]       ; s2[2]       ; 16.159 ; 16.159 ; 16.159 ; 16.159 ;
; b[2]       ; s2[3]       ; 16.121 ; 16.121 ; 16.121 ; 16.121 ;
; b[2]       ; s2[4]       ; 16.804 ; 16.804 ; 16.804 ; 16.804 ;
; b[2]       ; s2[5]       ; 16.164 ; 16.164 ; 16.164 ; 16.164 ;
; b[2]       ; s2[6]       ; 16.128 ; 16.128 ; 16.128 ; 16.128 ;
; b[3]       ; ov          ; 19.335 ; 19.335 ; 19.335 ; 19.335 ;
; b[3]       ; s1[1]       ; 18.190 ; 18.190 ; 18.190 ; 18.190 ;
; b[3]       ; s1[2]       ; 17.863 ; 17.863 ; 17.863 ; 17.863 ;
; b[3]       ; s1[3]       ; 18.180 ; 18.180 ; 18.180 ; 18.180 ;
; b[3]       ; s1[6]       ; 17.863 ; 17.863 ; 17.863 ; 17.863 ;
; b[3]       ; s2[0]       ; 15.604 ; 15.604 ; 15.604 ; 15.604 ;
; b[3]       ; s2[1]       ; 16.123 ; 16.123 ; 16.123 ; 16.123 ;
; b[3]       ; s2[2]       ; 15.286 ; 15.286 ; 15.286 ; 15.286 ;
; b[3]       ; s2[3]       ; 15.248 ; 15.248 ; 15.248 ; 15.248 ;
; b[3]       ; s2[4]       ; 15.931 ; 15.931 ; 15.931 ; 15.931 ;
; b[3]       ; s2[5]       ; 15.291 ; 15.291 ; 15.291 ; 15.291 ;
; b[3]       ; s2[6]       ; 15.255 ; 15.255 ; 15.255 ; 15.255 ;
; b[4]       ; ov          ; 16.414 ; 16.414 ; 16.414 ; 16.414 ;
; b[4]       ; s1[1]       ; 15.678 ; 15.678 ; 15.678 ; 15.678 ;
; b[4]       ; s1[2]       ; 15.351 ; 15.351 ; 15.351 ; 15.351 ;
; b[4]       ; s1[3]       ; 15.668 ; 15.668 ; 15.668 ; 15.668 ;
; b[4]       ; s1[6]       ; 15.351 ; 15.351 ; 15.351 ; 15.351 ;
; sel[0]     ; ov          ; 16.137 ; 16.137 ; 16.137 ; 16.137 ;
; sel[0]     ; s1[1]       ; 17.085 ; 17.085 ; 17.085 ; 17.085 ;
; sel[0]     ; s1[2]       ; 16.758 ; 16.758 ; 16.758 ; 16.758 ;
; sel[0]     ; s1[3]       ; 17.075 ; 17.075 ; 17.075 ; 17.075 ;
; sel[0]     ; s1[6]       ; 16.758 ; 16.758 ; 16.758 ; 16.758 ;
; sel[0]     ; s2[0]       ; 16.569 ; 16.569 ; 16.569 ; 16.569 ;
; sel[0]     ; s2[1]       ; 17.088 ; 17.088 ; 17.088 ; 17.088 ;
; sel[0]     ; s2[2]       ; 16.253 ; 16.253 ; 16.253 ; 16.253 ;
; sel[0]     ; s2[3]       ; 16.212 ; 16.212 ; 16.212 ; 16.212 ;
; sel[0]     ; s2[4]       ; 16.867 ; 16.867 ; 16.867 ; 16.867 ;
; sel[0]     ; s2[5]       ; 16.255 ; 16.255 ; 16.255 ; 16.255 ;
; sel[0]     ; s2[6]       ; 16.214 ; 16.214 ; 16.214 ; 16.214 ;
; sel[1]     ; ov          ; 16.430 ; 16.430 ; 16.430 ; 16.430 ;
; sel[1]     ; s1[1]       ; 17.378 ; 17.378 ; 17.378 ; 17.378 ;
; sel[1]     ; s1[2]       ; 17.051 ; 17.051 ; 17.051 ; 17.051 ;
; sel[1]     ; s1[3]       ; 17.368 ; 17.368 ; 17.368 ; 17.368 ;
; sel[1]     ; s1[6]       ; 17.051 ; 17.051 ; 17.051 ; 17.051 ;
; sel[1]     ; s2[0]       ; 16.862 ; 16.862 ; 16.862 ; 16.862 ;
; sel[1]     ; s2[1]       ; 17.381 ; 17.381 ; 17.381 ; 17.381 ;
; sel[1]     ; s2[2]       ; 16.546 ; 16.546 ; 16.546 ; 16.546 ;
; sel[1]     ; s2[3]       ; 16.505 ; 16.505 ; 16.505 ; 16.505 ;
; sel[1]     ; s2[4]       ; 17.160 ; 17.160 ; 17.160 ; 17.160 ;
; sel[1]     ; s2[5]       ; 16.548 ; 16.548 ; 16.548 ; 16.548 ;
; sel[1]     ; s2[6]       ; 16.507 ; 16.507 ; 16.507 ; 16.507 ;
; sel[2]     ; s1[1]       ; 9.136  ; 9.136  ; 9.136  ; 9.136  ;
; sel[2]     ; s1[2]       ; 8.809  ; 8.809  ; 8.809  ; 8.809  ;
; sel[2]     ; s1[3]       ; 9.126  ; 9.126  ; 9.126  ; 9.126  ;
; sel[2]     ; s1[6]       ; 8.809  ; 8.809  ; 8.809  ; 8.809  ;
; sel[2]     ; s2[0]       ; 9.410  ; 9.410  ; 9.410  ; 9.410  ;
; sel[2]     ; s2[1]       ; 9.929  ; 9.929  ; 9.929  ; 9.929  ;
; sel[2]     ; s2[2]       ; 9.099  ; 9.099  ; 9.099  ; 9.099  ;
; sel[2]     ; s2[3]       ; 9.053  ; 9.053  ; 9.053  ; 9.053  ;
; sel[2]     ; s2[4]       ; 9.740  ; 9.740  ; 9.740  ; 9.740  ;
; sel[2]     ; s2[5]       ; 9.094  ; 9.094  ; 9.094  ; 9.094  ;
; sel[2]     ; s2[6]       ; 9.029  ; 9.029  ; 9.029  ; 9.029  ;
+------------+-------------+--------+--------+--------+--------+


+--------------------------------------------------------------+
; Minimum Propagation Delay                                    ;
+------------+-------------+--------+--------+--------+--------+
; Input Port ; Output Port ; RR     ; RF     ; FR     ; FF     ;
+------------+-------------+--------+--------+--------+--------+
; a[0]       ; ov          ; 14.159 ; 14.159 ; 14.159 ; 14.159 ;
; a[0]       ; s1[1]       ; 14.862 ; 14.862 ; 14.862 ; 14.862 ;
; a[0]       ; s1[2]       ; 14.535 ; 14.535 ; 14.535 ; 14.535 ;
; a[0]       ; s1[3]       ; 14.852 ; 14.852 ; 14.852 ; 14.852 ;
; a[0]       ; s1[6]       ; 14.535 ; 14.535 ; 14.535 ; 14.535 ;
; a[0]       ; s2[0]       ; 12.843 ; 12.843 ; 12.843 ; 12.843 ;
; a[0]       ; s2[1]       ; 13.365 ; 13.365 ; 13.365 ; 13.365 ;
; a[0]       ; s2[2]       ; 12.538 ; 12.538 ; 12.538 ; 12.538 ;
; a[0]       ; s2[3]       ; 12.490 ; 12.490 ; 12.490 ; 12.490 ;
; a[0]       ; s2[4]       ; 13.182 ; 13.182 ; 13.182 ; 13.182 ;
; a[0]       ; s2[5]       ; 12.534 ; 12.534 ; 12.534 ; 12.534 ;
; a[0]       ; s2[6]       ; 12.497 ; 12.497 ; 12.497 ; 12.497 ;
; a[1]       ; ov          ; 14.570 ; 14.570 ; 14.570 ; 14.570 ;
; a[1]       ; s1[1]       ; 16.590 ; 16.590 ; 16.590 ; 16.590 ;
; a[1]       ; s1[2]       ; 16.263 ; 16.263 ; 16.263 ; 16.263 ;
; a[1]       ; s1[3]       ; 16.580 ; 16.580 ; 16.580 ; 16.580 ;
; a[1]       ; s1[6]       ; 16.263 ; 16.263 ; 16.263 ; 16.263 ;
; a[1]       ; s2[0]       ; 13.666 ; 13.666 ; 13.666 ; 13.666 ;
; a[1]       ; s2[1]       ; 14.185 ; 14.185 ; 14.185 ; 14.185 ;
; a[1]       ; s2[2]       ; 13.355 ; 13.355 ; 13.355 ; 13.355 ;
; a[1]       ; s2[3]       ; 13.309 ; 13.309 ; 13.309 ; 13.309 ;
; a[1]       ; s2[4]       ; 13.996 ; 13.996 ; 13.996 ; 13.996 ;
; a[1]       ; s2[5]       ; 13.350 ; 13.350 ; 13.350 ; 13.350 ;
; a[1]       ; s2[6]       ; 13.285 ; 13.285 ; 13.285 ; 13.285 ;
; a[2]       ; ov          ; 13.497 ; 13.497 ; 13.497 ; 13.497 ;
; a[2]       ; s1[1]       ; 15.253 ; 15.253 ; 15.253 ; 15.253 ;
; a[2]       ; s1[2]       ; 14.926 ; 14.926 ; 14.926 ; 14.926 ;
; a[2]       ; s1[3]       ; 15.243 ; 15.243 ; 15.243 ; 15.243 ;
; a[2]       ; s1[6]       ; 14.926 ; 14.926 ; 14.926 ; 14.926 ;
; a[2]       ; s2[0]       ; 13.478 ; 13.478 ; 13.478 ; 13.478 ;
; a[2]       ; s2[1]       ; 13.997 ; 13.997 ; 13.997 ; 13.997 ;
; a[2]       ; s2[2]       ; 13.162 ; 13.162 ; 13.162 ; 13.162 ;
; a[2]       ; s2[3]       ; 13.121 ; 13.121 ; 13.121 ; 13.121 ;
; a[2]       ; s2[4]       ; 13.776 ; 13.776 ; 13.776 ; 13.776 ;
; a[2]       ; s2[5]       ; 13.164 ; 13.164 ; 13.164 ; 13.164 ;
; a[2]       ; s2[6]       ; 13.123 ; 13.123 ; 13.123 ; 13.123 ;
; a[3]       ; ov          ; 12.562 ; 12.562 ; 12.562 ; 12.562 ;
; a[3]       ; s1[1]       ; 14.318 ; 14.318 ; 14.318 ; 14.318 ;
; a[3]       ; s1[2]       ; 13.991 ; 13.991 ; 13.991 ; 13.991 ;
; a[3]       ; s1[3]       ; 14.308 ; 14.308 ; 14.308 ; 14.308 ;
; a[3]       ; s1[6]       ; 13.991 ; 13.991 ; 13.991 ; 13.991 ;
; a[3]       ; s2[0]       ; 13.008 ; 13.008 ; 13.008 ; 13.008 ;
; a[3]       ; s2[1]       ; 13.527 ; 13.527 ; 13.527 ; 13.527 ;
; a[3]       ; s2[2]       ; 12.690 ; 12.690 ; 12.690 ; 12.690 ;
; a[3]       ; s2[3]       ; 12.652 ; 12.652 ; 12.652 ; 12.652 ;
; a[3]       ; s2[4]       ; 13.335 ; 13.335 ; 13.335 ; 13.335 ;
; a[3]       ; s2[5]       ; 12.695 ; 12.695 ; 12.695 ; 12.695 ;
; a[3]       ; s2[6]       ; 12.659 ; 12.659 ; 12.659 ; 12.659 ;
; a[4]       ; ov          ; 12.304 ; 12.304 ; 12.304 ; 12.304 ;
; a[4]       ; s1[1]       ; 13.254 ; 13.254 ; 13.254 ; 13.254 ;
; a[4]       ; s1[2]       ; 12.927 ; 12.927 ; 12.927 ; 12.927 ;
; a[4]       ; s1[3]       ; 13.244 ; 13.244 ; 13.244 ; 13.244 ;
; a[4]       ; s1[6]       ; 12.927 ; 12.927 ; 12.927 ; 12.927 ;
; b[0]       ; ov          ; 14.530 ; 14.530 ; 14.530 ; 14.530 ;
; b[0]       ; s1[1]       ; 16.286 ; 16.286 ; 16.286 ; 16.286 ;
; b[0]       ; s1[2]       ; 15.959 ; 15.959 ; 15.959 ; 15.959 ;
; b[0]       ; s1[3]       ; 16.276 ; 16.276 ; 16.276 ; 16.276 ;
; b[0]       ; s1[6]       ; 15.959 ; 15.959 ; 15.959 ; 15.959 ;
; b[0]       ; s2[0]       ; 12.506 ; 12.506 ; 12.506 ; 12.506 ;
; b[0]       ; s2[1]       ; 13.028 ; 13.028 ; 13.028 ; 13.028 ;
; b[0]       ; s2[2]       ; 12.201 ; 12.201 ; 12.201 ; 12.201 ;
; b[0]       ; s2[3]       ; 12.153 ; 12.153 ; 12.153 ; 12.153 ;
; b[0]       ; s2[4]       ; 12.845 ; 12.845 ; 12.845 ; 12.845 ;
; b[0]       ; s2[5]       ; 12.197 ; 12.197 ; 12.197 ; 12.197 ;
; b[0]       ; s2[6]       ; 12.160 ; 12.160 ; 12.160 ; 12.160 ;
; b[1]       ; ov          ; 15.436 ; 15.436 ; 15.436 ; 15.436 ;
; b[1]       ; s1[1]       ; 17.192 ; 17.192 ; 17.192 ; 17.192 ;
; b[1]       ; s1[2]       ; 16.865 ; 16.865 ; 16.865 ; 16.865 ;
; b[1]       ; s1[3]       ; 17.182 ; 17.182 ; 17.182 ; 17.182 ;
; b[1]       ; s1[6]       ; 16.865 ; 16.865 ; 16.865 ; 16.865 ;
; b[1]       ; s2[0]       ; 14.270 ; 14.270 ; 14.270 ; 14.270 ;
; b[1]       ; s2[1]       ; 14.789 ; 14.789 ; 14.789 ; 14.789 ;
; b[1]       ; s2[2]       ; 13.959 ; 13.959 ; 13.959 ; 13.959 ;
; b[1]       ; s2[3]       ; 13.913 ; 13.913 ; 13.913 ; 13.913 ;
; b[1]       ; s2[4]       ; 14.600 ; 14.600 ; 14.600 ; 14.600 ;
; b[1]       ; s2[5]       ; 13.954 ; 13.954 ; 13.954 ; 13.954 ;
; b[1]       ; s2[6]       ; 13.889 ; 13.889 ; 13.889 ; 13.889 ;
; b[2]       ; ov          ; 14.574 ; 14.574 ; 14.574 ; 14.574 ;
; b[2]       ; s1[1]       ; 16.330 ; 16.330 ; 16.330 ; 16.330 ;
; b[2]       ; s1[2]       ; 16.003 ; 16.003 ; 16.003 ; 16.003 ;
; b[2]       ; s1[3]       ; 16.320 ; 16.320 ; 16.320 ; 16.320 ;
; b[2]       ; s1[6]       ; 16.003 ; 16.003 ; 16.003 ; 16.003 ;
; b[2]       ; s2[0]       ; 13.926 ; 13.926 ; 13.926 ; 13.926 ;
; b[2]       ; s2[1]       ; 14.445 ; 14.445 ; 14.445 ; 14.445 ;
; b[2]       ; s2[2]       ; 13.610 ; 13.610 ; 13.610 ; 13.610 ;
; b[2]       ; s2[3]       ; 13.569 ; 13.569 ; 13.569 ; 13.569 ;
; b[2]       ; s2[4]       ; 14.224 ; 14.224 ; 14.224 ; 14.224 ;
; b[2]       ; s2[5]       ; 13.612 ; 13.612 ; 13.612 ; 13.612 ;
; b[2]       ; s2[6]       ; 13.571 ; 13.571 ; 13.571 ; 13.571 ;
; b[3]       ; ov          ; 12.942 ; 12.942 ; 12.942 ; 12.942 ;
; b[3]       ; s1[1]       ; 14.698 ; 14.698 ; 14.698 ; 14.698 ;
; b[3]       ; s1[2]       ; 14.371 ; 14.371 ; 14.371 ; 14.371 ;
; b[3]       ; s1[3]       ; 14.688 ; 14.688 ; 14.688 ; 14.688 ;
; b[3]       ; s1[6]       ; 14.371 ; 14.371 ; 14.371 ; 14.371 ;
; b[3]       ; s2[0]       ; 13.390 ; 13.390 ; 13.390 ; 13.390 ;
; b[3]       ; s2[1]       ; 13.909 ; 13.909 ; 13.909 ; 13.909 ;
; b[3]       ; s2[2]       ; 13.072 ; 13.072 ; 13.072 ; 13.072 ;
; b[3]       ; s2[3]       ; 13.034 ; 13.034 ; 13.034 ; 13.034 ;
; b[3]       ; s2[4]       ; 13.717 ; 13.717 ; 13.717 ; 13.717 ;
; b[3]       ; s2[5]       ; 13.077 ; 13.077 ; 13.077 ; 13.077 ;
; b[3]       ; s2[6]       ; 13.041 ; 13.041 ; 13.041 ; 13.041 ;
; b[4]       ; ov          ; 12.607 ; 12.607 ; 12.607 ; 12.607 ;
; b[4]       ; s1[1]       ; 13.557 ; 13.557 ; 13.557 ; 13.557 ;
; b[4]       ; s1[2]       ; 13.230 ; 13.230 ; 13.230 ; 13.230 ;
; b[4]       ; s1[3]       ; 13.547 ; 13.547 ; 13.547 ; 13.547 ;
; b[4]       ; s1[6]       ; 13.230 ; 13.230 ; 13.230 ; 13.230 ;
; sel[0]     ; ov          ; 12.023 ; 12.023 ; 12.023 ; 12.023 ;
; sel[0]     ; s1[1]       ; 12.973 ; 12.793 ; 12.793 ; 12.973 ;
; sel[0]     ; s1[2]       ; 12.646 ; 12.466 ; 12.466 ; 12.646 ;
; sel[0]     ; s1[3]       ; 12.963 ; 12.783 ; 12.783 ; 12.963 ;
; sel[0]     ; s1[6]       ; 12.646 ; 12.466 ; 12.466 ; 12.646 ;
; sel[0]     ; s2[0]       ; 12.926 ; 12.926 ; 12.926 ; 12.926 ;
; sel[0]     ; s2[1]       ; 13.448 ; 13.448 ; 13.448 ; 13.448 ;
; sel[0]     ; s2[2]       ; 12.621 ; 12.621 ; 12.621 ; 12.621 ;
; sel[0]     ; s2[3]       ; 12.573 ; 12.573 ; 12.573 ; 12.573 ;
; sel[0]     ; s2[4]       ; 13.265 ; 13.265 ; 13.265 ; 13.265 ;
; sel[0]     ; s2[5]       ; 12.617 ; 12.617 ; 12.617 ; 12.617 ;
; sel[0]     ; s2[6]       ; 12.580 ; 12.580 ; 12.580 ; 12.580 ;
; sel[1]     ; ov          ; 12.406 ; 12.406 ; 12.406 ; 12.406 ;
; sel[1]     ; s1[1]       ; 13.736 ; 13.099 ; 13.099 ; 13.736 ;
; sel[1]     ; s1[2]       ; 13.409 ; 12.772 ; 12.772 ; 13.409 ;
; sel[1]     ; s1[3]       ; 13.726 ; 13.089 ; 13.089 ; 13.726 ;
; sel[1]     ; s1[6]       ; 13.409 ; 12.772 ; 12.772 ; 13.409 ;
; sel[1]     ; s2[0]       ; 13.207 ; 13.207 ; 13.207 ; 13.207 ;
; sel[1]     ; s2[1]       ; 13.729 ; 13.729 ; 13.729 ; 13.729 ;
; sel[1]     ; s2[2]       ; 12.902 ; 12.902 ; 12.902 ; 12.902 ;
; sel[1]     ; s2[3]       ; 12.854 ; 12.854 ; 12.854 ; 12.854 ;
; sel[1]     ; s2[4]       ; 13.546 ; 13.546 ; 13.546 ; 13.546 ;
; sel[1]     ; s2[5]       ; 12.898 ; 12.898 ; 12.898 ; 12.898 ;
; sel[1]     ; s2[6]       ; 12.861 ; 12.861 ; 12.861 ; 12.861 ;
; sel[2]     ; s1[1]       ; 7.907  ; 9.136  ; 9.136  ; 7.907  ;
; sel[2]     ; s1[2]       ; 7.580  ; 8.809  ; 8.809  ; 7.580  ;
; sel[2]     ; s1[3]       ; 7.897  ; 9.126  ; 9.126  ; 7.897  ;
; sel[2]     ; s1[6]       ; 7.580  ; 8.809  ; 8.809  ; 7.580  ;
; sel[2]     ; s2[0]       ; 7.981  ; 7.981  ; 7.981  ; 7.981  ;
; sel[2]     ; s2[1]       ; 8.500  ; 8.500  ; 8.500  ; 8.500  ;
; sel[2]     ; s2[2]       ; 7.823  ; 7.663  ; 7.663  ; 7.823  ;
; sel[2]     ; s2[3]       ; 7.625  ; 7.625  ; 7.625  ; 7.625  ;
; sel[2]     ; s2[4]       ; 8.308  ; 8.308  ; 8.308  ; 8.308  ;
; sel[2]     ; s2[5]       ; 7.668  ; 7.668  ; 7.668  ; 7.668  ;
; sel[2]     ; s2[6]       ; 7.632  ; 7.632  ; 7.632  ; 7.632  ;
+------------+-------------+--------+--------+--------+--------+


----------------------------
; Fast Model Setup Summary ;
----------------------------
No paths to report.


---------------------------
; Fast Model Hold Summary ;
---------------------------
No paths to report.


-------------------------------
; Fast Model Recovery Summary ;
-------------------------------
No paths to report.


------------------------------
; Fast Model Removal Summary ;
------------------------------
No paths to report.


------------------------------------------
; Fast Model Minimum Pulse Width Summary ;
------------------------------------------
No paths to report.


+----------------------------------------------------------+
; Propagation Delay                                        ;
+------------+-------------+-------+-------+-------+-------+
; Input Port ; Output Port ; RR    ; RF    ; FR    ; FF    ;
+------------+-------------+-------+-------+-------+-------+
; a[0]       ; ov          ; 8.431 ; 8.431 ; 8.431 ; 8.431 ;
; a[0]       ; s1[1]       ; 8.280 ; 8.280 ; 8.280 ; 8.280 ;
; a[0]       ; s1[2]       ; 8.149 ; 8.149 ; 8.149 ; 8.149 ;
; a[0]       ; s1[3]       ; 8.270 ; 8.270 ; 8.270 ; 8.270 ;
; a[0]       ; s1[6]       ; 8.149 ; 8.149 ; 8.149 ; 8.149 ;
; a[0]       ; s2[0]       ; 7.566 ; 7.566 ; 7.566 ; 7.566 ;
; a[0]       ; s2[1]       ; 7.749 ; 7.749 ; 7.749 ; 7.749 ;
; a[0]       ; s2[2]       ; 7.431 ; 7.431 ; 7.431 ; 7.431 ;
; a[0]       ; s2[3]       ; 7.403 ; 7.403 ; 7.403 ; 7.403 ;
; a[0]       ; s2[4]       ; 7.616 ; 7.616 ; 7.616 ; 7.616 ;
; a[0]       ; s2[5]       ; 7.445 ; 7.445 ; 7.445 ; 7.445 ;
; a[0]       ; s2[6]       ; 7.413 ; 7.413 ; 7.413 ; 7.413 ;
; a[1]       ; ov          ; 8.863 ; 8.863 ; 8.863 ; 8.863 ;
; a[1]       ; s1[1]       ; 8.712 ; 8.712 ; 8.712 ; 8.712 ;
; a[1]       ; s1[2]       ; 8.581 ; 8.581 ; 8.581 ; 8.581 ;
; a[1]       ; s1[3]       ; 8.702 ; 8.702 ; 8.702 ; 8.702 ;
; a[1]       ; s1[6]       ; 8.581 ; 8.581 ; 8.581 ; 8.581 ;
; a[1]       ; s2[0]       ; 7.998 ; 7.998 ; 7.998 ; 7.998 ;
; a[1]       ; s2[1]       ; 8.181 ; 8.181 ; 8.181 ; 8.181 ;
; a[1]       ; s2[2]       ; 7.863 ; 7.863 ; 7.863 ; 7.863 ;
; a[1]       ; s2[3]       ; 7.835 ; 7.835 ; 7.835 ; 7.835 ;
; a[1]       ; s2[4]       ; 8.048 ; 8.048 ; 8.048 ; 8.048 ;
; a[1]       ; s2[5]       ; 7.877 ; 7.877 ; 7.877 ; 7.877 ;
; a[1]       ; s2[6]       ; 7.845 ; 7.845 ; 7.845 ; 7.845 ;
; a[2]       ; ov          ; 8.585 ; 8.585 ; 8.585 ; 8.585 ;
; a[2]       ; s1[1]       ; 8.434 ; 8.434 ; 8.434 ; 8.434 ;
; a[2]       ; s1[2]       ; 8.303 ; 8.303 ; 8.303 ; 8.303 ;
; a[2]       ; s1[3]       ; 8.424 ; 8.424 ; 8.424 ; 8.424 ;
; a[2]       ; s1[6]       ; 8.303 ; 8.303 ; 8.303 ; 8.303 ;
; a[2]       ; s2[0]       ; 7.718 ; 7.718 ; 7.718 ; 7.718 ;
; a[2]       ; s2[1]       ; 7.901 ; 7.901 ; 7.901 ; 7.901 ;
; a[2]       ; s2[2]       ; 7.583 ; 7.583 ; 7.583 ; 7.583 ;
; a[2]       ; s2[3]       ; 7.555 ; 7.555 ; 7.555 ; 7.555 ;
; a[2]       ; s2[4]       ; 7.768 ; 7.768 ; 7.768 ; 7.768 ;
; a[2]       ; s2[5]       ; 7.597 ; 7.597 ; 7.597 ; 7.597 ;
; a[2]       ; s2[6]       ; 7.565 ; 7.565 ; 7.565 ; 7.565 ;
; a[3]       ; ov          ; 8.485 ; 8.485 ; 8.485 ; 8.485 ;
; a[3]       ; s1[1]       ; 8.233 ; 8.233 ; 8.233 ; 8.233 ;
; a[3]       ; s1[2]       ; 8.102 ; 8.102 ; 8.102 ; 8.102 ;
; a[3]       ; s1[3]       ; 8.223 ; 8.223 ; 8.223 ; 8.223 ;
; a[3]       ; s1[6]       ; 8.102 ; 8.102 ; 8.102 ; 8.102 ;
; a[3]       ; s2[0]       ; 7.517 ; 7.517 ; 7.517 ; 7.517 ;
; a[3]       ; s2[1]       ; 7.700 ; 7.700 ; 7.700 ; 7.700 ;
; a[3]       ; s2[2]       ; 7.382 ; 7.382 ; 7.382 ; 7.382 ;
; a[3]       ; s2[3]       ; 7.354 ; 7.354 ; 7.354 ; 7.354 ;
; a[3]       ; s2[4]       ; 7.567 ; 7.567 ; 7.567 ; 7.567 ;
; a[3]       ; s2[5]       ; 7.396 ; 7.396 ; 7.396 ; 7.396 ;
; a[3]       ; s2[6]       ; 7.364 ; 7.364 ; 7.364 ; 7.364 ;
; a[4]       ; ov          ; 8.478 ; 8.478 ; 8.478 ; 8.478 ;
; a[4]       ; s1[1]       ; 8.006 ; 8.006 ; 8.006 ; 8.006 ;
; a[4]       ; s1[2]       ; 7.875 ; 7.875 ; 7.875 ; 7.875 ;
; a[4]       ; s1[3]       ; 7.996 ; 7.996 ; 7.996 ; 7.996 ;
; a[4]       ; s1[6]       ; 7.875 ; 7.875 ; 7.875 ; 7.875 ;
; b[0]       ; ov          ; 8.629 ; 8.629 ; 8.629 ; 8.629 ;
; b[0]       ; s1[1]       ; 8.478 ; 8.478 ; 8.478 ; 8.478 ;
; b[0]       ; s1[2]       ; 8.347 ; 8.347 ; 8.347 ; 8.347 ;
; b[0]       ; s1[3]       ; 8.468 ; 8.468 ; 8.468 ; 8.468 ;
; b[0]       ; s1[6]       ; 8.347 ; 8.347 ; 8.347 ; 8.347 ;
; b[0]       ; s2[0]       ; 7.764 ; 7.764 ; 7.764 ; 7.764 ;
; b[0]       ; s2[1]       ; 7.947 ; 7.947 ; 7.947 ; 7.947 ;
; b[0]       ; s2[2]       ; 7.629 ; 7.629 ; 7.629 ; 7.629 ;
; b[0]       ; s2[3]       ; 7.601 ; 7.601 ; 7.601 ; 7.601 ;
; b[0]       ; s2[4]       ; 7.814 ; 7.814 ; 7.814 ; 7.814 ;
; b[0]       ; s2[5]       ; 7.643 ; 7.643 ; 7.643 ; 7.643 ;
; b[0]       ; s2[6]       ; 7.611 ; 7.611 ; 7.611 ; 7.611 ;
; b[1]       ; ov          ; 8.412 ; 8.412 ; 8.412 ; 8.412 ;
; b[1]       ; s1[1]       ; 8.209 ; 8.209 ; 8.209 ; 8.209 ;
; b[1]       ; s1[2]       ; 8.078 ; 8.078 ; 8.078 ; 8.078 ;
; b[1]       ; s1[3]       ; 8.199 ; 8.199 ; 8.199 ; 8.199 ;
; b[1]       ; s1[6]       ; 8.078 ; 8.078 ; 8.078 ; 8.078 ;
; b[1]       ; s2[0]       ; 7.554 ; 7.554 ; 7.554 ; 7.554 ;
; b[1]       ; s2[1]       ; 7.742 ; 7.742 ; 7.742 ; 7.742 ;
; b[1]       ; s2[2]       ; 7.421 ; 7.421 ; 7.421 ; 7.421 ;
; b[1]       ; s2[3]       ; 7.390 ; 7.390 ; 7.390 ; 7.390 ;
; b[1]       ; s2[4]       ; 7.611 ; 7.611 ; 7.611 ; 7.611 ;
; b[1]       ; s2[5]       ; 7.436 ; 7.436 ; 7.436 ; 7.436 ;
; b[1]       ; s2[6]       ; 7.403 ; 7.403 ; 7.403 ; 7.403 ;
; b[2]       ; ov          ; 8.735 ; 8.735 ; 8.735 ; 8.735 ;
; b[2]       ; s1[1]       ; 8.392 ; 8.392 ; 8.392 ; 8.392 ;
; b[2]       ; s1[2]       ; 8.261 ; 8.261 ; 8.261 ; 8.261 ;
; b[2]       ; s1[3]       ; 8.382 ; 8.382 ; 8.382 ; 8.382 ;
; b[2]       ; s1[6]       ; 8.261 ; 8.261 ; 8.261 ; 8.261 ;
; b[2]       ; s2[0]       ; 7.590 ; 7.590 ; 7.590 ; 7.590 ;
; b[2]       ; s2[1]       ; 7.773 ; 7.773 ; 7.773 ; 7.773 ;
; b[2]       ; s2[2]       ; 7.455 ; 7.455 ; 7.455 ; 7.455 ;
; b[2]       ; s2[3]       ; 7.427 ; 7.427 ; 7.427 ; 7.427 ;
; b[2]       ; s2[4]       ; 7.640 ; 7.640 ; 7.640 ; 7.640 ;
; b[2]       ; s2[5]       ; 7.469 ; 7.469 ; 7.469 ; 7.469 ;
; b[2]       ; s2[6]       ; 7.437 ; 7.437 ; 7.437 ; 7.437 ;
; b[3]       ; ov          ; 8.529 ; 8.529 ; 8.529 ; 8.529 ;
; b[3]       ; s1[1]       ; 8.188 ; 8.188 ; 8.188 ; 8.188 ;
; b[3]       ; s1[2]       ; 8.057 ; 8.057 ; 8.057 ; 8.057 ;
; b[3]       ; s1[3]       ; 8.178 ; 8.178 ; 8.178 ; 8.178 ;
; b[3]       ; s1[6]       ; 8.057 ; 8.057 ; 8.057 ; 8.057 ;
; b[3]       ; s2[0]       ; 7.248 ; 7.248 ; 7.248 ; 7.248 ;
; b[3]       ; s2[1]       ; 7.431 ; 7.431 ; 7.431 ; 7.431 ;
; b[3]       ; s2[2]       ; 7.113 ; 7.113 ; 7.113 ; 7.113 ;
; b[3]       ; s2[3]       ; 7.085 ; 7.085 ; 7.085 ; 7.085 ;
; b[3]       ; s2[4]       ; 7.298 ; 7.298 ; 7.298 ; 7.298 ;
; b[3]       ; s2[5]       ; 7.127 ; 7.127 ; 7.127 ; 7.127 ;
; b[3]       ; s2[6]       ; 7.095 ; 7.095 ; 7.095 ; 7.095 ;
; b[4]       ; ov          ; 7.526 ; 7.526 ; 7.526 ; 7.526 ;
; b[4]       ; s1[1]       ; 7.294 ; 7.294 ; 7.294 ; 7.294 ;
; b[4]       ; s1[2]       ; 7.163 ; 7.163 ; 7.163 ; 7.163 ;
; b[4]       ; s1[3]       ; 7.284 ; 7.284 ; 7.284 ; 7.284 ;
; b[4]       ; s1[6]       ; 7.163 ; 7.163 ; 7.163 ; 7.163 ;
; sel[0]     ; ov          ; 7.385 ; 7.385 ; 7.385 ; 7.385 ;
; sel[0]     ; s1[1]       ; 7.763 ; 7.763 ; 7.763 ; 7.763 ;
; sel[0]     ; s1[2]       ; 7.632 ; 7.632 ; 7.632 ; 7.632 ;
; sel[0]     ; s1[3]       ; 7.753 ; 7.753 ; 7.753 ; 7.753 ;
; sel[0]     ; s1[6]       ; 7.632 ; 7.632 ; 7.632 ; 7.632 ;
; sel[0]     ; s2[0]       ; 7.565 ; 7.565 ; 7.565 ; 7.565 ;
; sel[0]     ; s2[1]       ; 7.753 ; 7.753 ; 7.753 ; 7.753 ;
; sel[0]     ; s2[2]       ; 7.432 ; 7.432 ; 7.432 ; 7.432 ;
; sel[0]     ; s2[3]       ; 7.401 ; 7.401 ; 7.401 ; 7.401 ;
; sel[0]     ; s2[4]       ; 7.622 ; 7.622 ; 7.622 ; 7.622 ;
; sel[0]     ; s2[5]       ; 7.447 ; 7.447 ; 7.447 ; 7.447 ;
; sel[0]     ; s2[6]       ; 7.414 ; 7.414 ; 7.414 ; 7.414 ;
; sel[1]     ; ov          ; 7.526 ; 7.526 ; 7.526 ; 7.526 ;
; sel[1]     ; s1[1]       ; 7.904 ; 7.904 ; 7.904 ; 7.904 ;
; sel[1]     ; s1[2]       ; 7.773 ; 7.773 ; 7.773 ; 7.773 ;
; sel[1]     ; s1[3]       ; 7.894 ; 7.894 ; 7.894 ; 7.894 ;
; sel[1]     ; s1[6]       ; 7.773 ; 7.773 ; 7.773 ; 7.773 ;
; sel[1]     ; s2[0]       ; 7.706 ; 7.706 ; 7.706 ; 7.706 ;
; sel[1]     ; s2[1]       ; 7.894 ; 7.894 ; 7.894 ; 7.894 ;
; sel[1]     ; s2[2]       ; 7.573 ; 7.573 ; 7.573 ; 7.573 ;
; sel[1]     ; s2[3]       ; 7.542 ; 7.542 ; 7.542 ; 7.542 ;
; sel[1]     ; s2[4]       ; 7.763 ; 7.763 ; 7.763 ; 7.763 ;
; sel[1]     ; s2[5]       ; 7.588 ; 7.588 ; 7.588 ; 7.588 ;
; sel[1]     ; s2[6]       ; 7.555 ; 7.555 ; 7.555 ; 7.555 ;
; sel[2]     ; s1[1]       ; 4.105 ; 4.105 ; 4.105 ; 4.105 ;
; sel[2]     ; s1[2]       ; 3.974 ; 3.974 ; 3.974 ; 3.974 ;
; sel[2]     ; s1[3]       ; 4.095 ; 4.095 ; 4.095 ; 4.095 ;
; sel[2]     ; s1[6]       ; 3.974 ; 3.974 ; 3.974 ; 3.974 ;
; sel[2]     ; s2[0]       ; 4.183 ; 4.183 ; 4.183 ; 4.183 ;
; sel[2]     ; s2[1]       ; 4.366 ; 4.366 ; 4.366 ; 4.366 ;
; sel[2]     ; s2[2]       ; 4.053 ; 4.053 ; 4.053 ; 4.053 ;
; sel[2]     ; s2[3]       ; 4.019 ; 4.019 ; 4.019 ; 4.019 ;
; sel[2]     ; s2[4]       ; 4.239 ; 4.239 ; 4.239 ; 4.239 ;
; sel[2]     ; s2[5]       ; 4.062 ; 4.062 ; 4.062 ; 4.062 ;
; sel[2]     ; s2[6]       ; 4.029 ; 4.029 ; 4.029 ; 4.029 ;
+------------+-------------+-------+-------+-------+-------+


+----------------------------------------------------------+
; Minimum Propagation Delay                                ;
+------------+-------------+-------+-------+-------+-------+
; Input Port ; Output Port ; RR    ; RF    ; FR    ; FF    ;
+------------+-------------+-------+-------+-------+-------+
; a[0]       ; ov          ; 6.735 ; 6.735 ; 6.735 ; 6.735 ;
; a[0]       ; s1[1]       ; 6.998 ; 6.998 ; 6.998 ; 6.998 ;
; a[0]       ; s1[2]       ; 6.867 ; 6.867 ; 6.867 ; 6.867 ;
; a[0]       ; s1[3]       ; 6.988 ; 6.988 ; 6.988 ; 6.988 ;
; a[0]       ; s1[6]       ; 6.867 ; 6.867 ; 6.867 ; 6.867 ;
; a[0]       ; s2[0]       ; 6.237 ; 6.237 ; 6.237 ; 6.237 ;
; a[0]       ; s2[1]       ; 6.423 ; 6.423 ; 6.423 ; 6.423 ;
; a[0]       ; s2[2]       ; 6.113 ; 6.113 ; 6.113 ; 6.113 ;
; a[0]       ; s2[3]       ; 6.073 ; 6.073 ; 6.073 ; 6.073 ;
; a[0]       ; s2[4]       ; 6.296 ; 6.296 ; 6.296 ; 6.296 ;
; a[0]       ; s2[5]       ; 6.116 ; 6.116 ; 6.116 ; 6.116 ;
; a[0]       ; s2[6]       ; 6.086 ; 6.086 ; 6.086 ; 6.086 ;
; a[1]       ; ov          ; 6.941 ; 6.941 ; 6.941 ; 6.941 ;
; a[1]       ; s1[1]       ; 7.668 ; 7.668 ; 7.668 ; 7.668 ;
; a[1]       ; s1[2]       ; 7.537 ; 7.537 ; 7.537 ; 7.537 ;
; a[1]       ; s1[3]       ; 7.658 ; 7.658 ; 7.658 ; 7.658 ;
; a[1]       ; s1[6]       ; 7.537 ; 7.537 ; 7.537 ; 7.537 ;
; a[1]       ; s2[0]       ; 6.657 ; 6.657 ; 6.657 ; 6.657 ;
; a[1]       ; s2[1]       ; 6.840 ; 6.840 ; 6.840 ; 6.840 ;
; a[1]       ; s2[2]       ; 6.527 ; 6.527 ; 6.527 ; 6.527 ;
; a[1]       ; s2[3]       ; 6.493 ; 6.493 ; 6.493 ; 6.493 ;
; a[1]       ; s2[4]       ; 6.713 ; 6.713 ; 6.713 ; 6.713 ;
; a[1]       ; s2[5]       ; 6.536 ; 6.536 ; 6.536 ; 6.536 ;
; a[1]       ; s2[6]       ; 6.503 ; 6.503 ; 6.503 ; 6.503 ;
; a[2]       ; ov          ; 6.480 ; 6.480 ; 6.480 ; 6.480 ;
; a[2]       ; s1[1]       ; 7.138 ; 7.138 ; 7.138 ; 7.138 ;
; a[2]       ; s1[2]       ; 7.007 ; 7.007 ; 7.007 ; 7.007 ;
; a[2]       ; s1[3]       ; 7.128 ; 7.128 ; 7.128 ; 7.128 ;
; a[2]       ; s1[6]       ; 7.007 ; 7.007 ; 7.007 ; 7.007 ;
; a[2]       ; s2[0]       ; 6.508 ; 6.508 ; 6.508 ; 6.508 ;
; a[2]       ; s2[1]       ; 6.696 ; 6.696 ; 6.696 ; 6.696 ;
; a[2]       ; s2[2]       ; 6.375 ; 6.375 ; 6.375 ; 6.375 ;
; a[2]       ; s2[3]       ; 6.344 ; 6.344 ; 6.344 ; 6.344 ;
; a[2]       ; s2[4]       ; 6.565 ; 6.565 ; 6.565 ; 6.565 ;
; a[2]       ; s2[5]       ; 6.390 ; 6.390 ; 6.390 ; 6.390 ;
; a[2]       ; s2[6]       ; 6.357 ; 6.357 ; 6.357 ; 6.357 ;
; a[3]       ; ov          ; 6.123 ; 6.123 ; 6.123 ; 6.123 ;
; a[3]       ; s1[1]       ; 6.781 ; 6.781 ; 6.781 ; 6.781 ;
; a[3]       ; s1[2]       ; 6.650 ; 6.650 ; 6.650 ; 6.650 ;
; a[3]       ; s1[3]       ; 6.771 ; 6.771 ; 6.771 ; 6.771 ;
; a[3]       ; s1[6]       ; 6.650 ; 6.650 ; 6.650 ; 6.650 ;
; a[3]       ; s2[0]       ; 6.315 ; 6.315 ; 6.315 ; 6.315 ;
; a[3]       ; s2[1]       ; 6.498 ; 6.498 ; 6.498 ; 6.498 ;
; a[3]       ; s2[2]       ; 6.180 ; 6.180 ; 6.180 ; 6.180 ;
; a[3]       ; s2[3]       ; 6.152 ; 6.152 ; 6.152 ; 6.152 ;
; a[3]       ; s2[4]       ; 6.365 ; 6.365 ; 6.365 ; 6.365 ;
; a[3]       ; s2[5]       ; 6.194 ; 6.194 ; 6.194 ; 6.194 ;
; a[3]       ; s2[6]       ; 6.162 ; 6.162 ; 6.162 ; 6.162 ;
; a[4]       ; ov          ; 6.113 ; 6.113 ; 6.113 ; 6.113 ;
; a[4]       ; s1[1]       ; 6.491 ; 6.491 ; 6.491 ; 6.491 ;
; a[4]       ; s1[2]       ; 6.360 ; 6.360 ; 6.360 ; 6.360 ;
; a[4]       ; s1[3]       ; 6.481 ; 6.481 ; 6.481 ; 6.481 ;
; a[4]       ; s1[6]       ; 6.360 ; 6.360 ; 6.360 ; 6.360 ;
; b[0]       ; ov          ; 6.820 ; 6.820 ; 6.820 ; 6.820 ;
; b[0]       ; s1[1]       ; 7.478 ; 7.478 ; 7.478 ; 7.478 ;
; b[0]       ; s1[2]       ; 7.347 ; 7.347 ; 7.347 ; 7.347 ;
; b[0]       ; s1[3]       ; 7.468 ; 7.468 ; 7.468 ; 7.468 ;
; b[0]       ; s1[6]       ; 7.347 ; 7.347 ; 7.347 ; 7.347 ;
; b[0]       ; s2[0]       ; 6.150 ; 6.150 ; 6.150 ; 6.150 ;
; b[0]       ; s2[1]       ; 6.336 ; 6.336 ; 6.336 ; 6.336 ;
; b[0]       ; s2[2]       ; 6.026 ; 6.026 ; 6.026 ; 6.026 ;
; b[0]       ; s2[3]       ; 5.986 ; 5.986 ; 5.986 ; 5.986 ;
; b[0]       ; s2[4]       ; 6.209 ; 6.209 ; 6.209 ; 6.209 ;
; b[0]       ; s2[5]       ; 6.029 ; 6.029 ; 6.029 ; 6.029 ;
; b[0]       ; s2[6]       ; 5.999 ; 5.999 ; 5.999 ; 5.999 ;
; b[1]       ; ov          ; 7.094 ; 7.094 ; 7.094 ; 7.094 ;
; b[1]       ; s1[1]       ; 7.752 ; 7.752 ; 7.752 ; 7.752 ;
; b[1]       ; s1[2]       ; 7.621 ; 7.621 ; 7.621 ; 7.621 ;
; b[1]       ; s1[3]       ; 7.742 ; 7.742 ; 7.742 ; 7.742 ;
; b[1]       ; s1[6]       ; 7.621 ; 7.621 ; 7.621 ; 7.621 ;
; b[1]       ; s2[0]       ; 6.746 ; 6.746 ; 6.746 ; 6.746 ;
; b[1]       ; s2[1]       ; 6.929 ; 6.929 ; 6.929 ; 6.929 ;
; b[1]       ; s2[2]       ; 6.616 ; 6.616 ; 6.616 ; 6.616 ;
; b[1]       ; s2[3]       ; 6.582 ; 6.582 ; 6.582 ; 6.582 ;
; b[1]       ; s2[4]       ; 6.802 ; 6.802 ; 6.802 ; 6.802 ;
; b[1]       ; s2[5]       ; 6.625 ; 6.625 ; 6.625 ; 6.625 ;
; b[1]       ; s2[6]       ; 6.592 ; 6.592 ; 6.592 ; 6.592 ;
; b[2]       ; ov          ; 6.902 ; 6.902 ; 6.902 ; 6.902 ;
; b[2]       ; s1[1]       ; 7.560 ; 7.560 ; 7.560 ; 7.560 ;
; b[2]       ; s1[2]       ; 7.429 ; 7.429 ; 7.429 ; 7.429 ;
; b[2]       ; s1[3]       ; 7.550 ; 7.550 ; 7.550 ; 7.550 ;
; b[2]       ; s1[6]       ; 7.429 ; 7.429 ; 7.429 ; 7.429 ;
; b[2]       ; s2[0]       ; 6.683 ; 6.683 ; 6.683 ; 6.683 ;
; b[2]       ; s2[1]       ; 6.871 ; 6.871 ; 6.871 ; 6.871 ;
; b[2]       ; s2[2]       ; 6.550 ; 6.550 ; 6.550 ; 6.550 ;
; b[2]       ; s2[3]       ; 6.519 ; 6.519 ; 6.519 ; 6.519 ;
; b[2]       ; s2[4]       ; 6.740 ; 6.740 ; 6.740 ; 6.740 ;
; b[2]       ; s2[5]       ; 6.565 ; 6.565 ; 6.565 ; 6.565 ;
; b[2]       ; s2[6]       ; 6.532 ; 6.532 ; 6.532 ; 6.532 ;
; b[3]       ; ov          ; 6.277 ; 6.277 ; 6.277 ; 6.277 ;
; b[3]       ; s1[1]       ; 6.935 ; 6.935 ; 6.935 ; 6.935 ;
; b[3]       ; s1[2]       ; 6.804 ; 6.804 ; 6.804 ; 6.804 ;
; b[3]       ; s1[3]       ; 6.925 ; 6.925 ; 6.925 ; 6.925 ;
; b[3]       ; s1[6]       ; 6.804 ; 6.804 ; 6.804 ; 6.804 ;
; b[3]       ; s2[0]       ; 6.470 ; 6.470 ; 6.470 ; 6.470 ;
; b[3]       ; s2[1]       ; 6.653 ; 6.653 ; 6.653 ; 6.653 ;
; b[3]       ; s2[2]       ; 6.335 ; 6.335 ; 6.335 ; 6.335 ;
; b[3]       ; s2[3]       ; 6.307 ; 6.307 ; 6.307 ; 6.307 ;
; b[3]       ; s2[4]       ; 6.520 ; 6.520 ; 6.520 ; 6.520 ;
; b[3]       ; s2[5]       ; 6.349 ; 6.349 ; 6.349 ; 6.349 ;
; b[3]       ; s2[6]       ; 6.317 ; 6.317 ; 6.317 ; 6.317 ;
; b[4]       ; ov          ; 6.140 ; 6.140 ; 6.140 ; 6.140 ;
; b[4]       ; s1[1]       ; 6.518 ; 6.518 ; 6.518 ; 6.518 ;
; b[4]       ; s1[2]       ; 6.387 ; 6.387 ; 6.387 ; 6.387 ;
; b[4]       ; s1[3]       ; 6.508 ; 6.508 ; 6.508 ; 6.508 ;
; b[4]       ; s1[6]       ; 6.387 ; 6.387 ; 6.387 ; 6.387 ;
; sel[0]     ; ov          ; 5.952 ; 5.952 ; 5.952 ; 5.952 ;
; sel[0]     ; s1[1]       ; 6.330 ; 6.287 ; 6.287 ; 6.330 ;
; sel[0]     ; s1[2]       ; 6.199 ; 6.156 ; 6.156 ; 6.199 ;
; sel[0]     ; s1[3]       ; 6.320 ; 6.277 ; 6.277 ; 6.320 ;
; sel[0]     ; s1[6]       ; 6.199 ; 6.156 ; 6.156 ; 6.199 ;
; sel[0]     ; s2[0]       ; 6.310 ; 6.310 ; 6.310 ; 6.310 ;
; sel[0]     ; s2[1]       ; 6.496 ; 6.496 ; 6.496 ; 6.496 ;
; sel[0]     ; s2[2]       ; 6.183 ; 6.183 ; 6.183 ; 6.183 ;
; sel[0]     ; s2[3]       ; 6.146 ; 6.146 ; 6.146 ; 6.146 ;
; sel[0]     ; s2[4]       ; 6.368 ; 6.368 ; 6.368 ; 6.368 ;
; sel[0]     ; s2[5]       ; 6.189 ; 6.189 ; 6.189 ; 6.189 ;
; sel[0]     ; s2[6]       ; 6.159 ; 6.159 ; 6.159 ; 6.159 ;
; sel[1]     ; ov          ; 6.165 ; 6.165 ; 6.165 ; 6.165 ;
; sel[1]     ; s1[1]       ; 6.636 ; 6.463 ; 6.463 ; 6.636 ;
; sel[1]     ; s1[2]       ; 6.505 ; 6.332 ; 6.332 ; 6.505 ;
; sel[1]     ; s1[3]       ; 6.626 ; 6.453 ; 6.453 ; 6.626 ;
; sel[1]     ; s1[6]       ; 6.505 ; 6.332 ; 6.332 ; 6.505 ;
; sel[1]     ; s2[0]       ; 6.444 ; 6.444 ; 6.444 ; 6.444 ;
; sel[1]     ; s2[1]       ; 6.630 ; 6.630 ; 6.630 ; 6.630 ;
; sel[1]     ; s2[2]       ; 6.320 ; 6.320 ; 6.320 ; 6.320 ;
; sel[1]     ; s2[3]       ; 6.280 ; 6.280 ; 6.280 ; 6.280 ;
; sel[1]     ; s2[4]       ; 6.503 ; 6.503 ; 6.503 ; 6.503 ;
; sel[1]     ; s2[5]       ; 6.323 ; 6.323 ; 6.323 ; 6.323 ;
; sel[1]     ; s2[6]       ; 6.293 ; 6.293 ; 6.293 ; 6.293 ;
; sel[2]     ; s1[1]       ; 3.676 ; 4.105 ; 4.105 ; 3.676 ;
; sel[2]     ; s1[2]       ; 3.545 ; 3.974 ; 3.974 ; 3.545 ;
; sel[2]     ; s1[3]       ; 3.666 ; 4.095 ; 4.095 ; 3.666 ;
; sel[2]     ; s1[6]       ; 3.545 ; 3.974 ; 3.974 ; 3.545 ;
; sel[2]     ; s2[0]       ; 3.670 ; 3.670 ; 3.670 ; 3.670 ;
; sel[2]     ; s2[1]       ; 3.853 ; 3.853 ; 3.853 ; 3.853 ;
; sel[2]     ; s2[2]       ; 3.597 ; 3.535 ; 3.535 ; 3.597 ;
; sel[2]     ; s2[3]       ; 3.507 ; 3.507 ; 3.507 ; 3.507 ;
; sel[2]     ; s2[4]       ; 3.720 ; 3.720 ; 3.720 ; 3.720 ;
; sel[2]     ; s2[5]       ; 3.549 ; 3.549 ; 3.549 ; 3.549 ;
; sel[2]     ; s2[6]       ; 3.517 ; 3.517 ; 3.517 ; 3.517 ;
+------------+-------------+-------+-------+-------+-------+


+----------------------------------------------------------------------------+
; Multicorner Timing Analysis Summary                                        ;
+------------------+-------+------+----------+---------+---------------------+
; Clock            ; Setup ; Hold ; Recovery ; Removal ; Minimum Pulse Width ;
+------------------+-------+------+----------+---------+---------------------+
; Worst-case Slack ; N/A   ; N/A  ; N/A      ; N/A     ; N/A                 ;
; Design-wide TNS  ; 0.0   ; 0.0  ; 0.0      ; 0.0     ; 0.0                 ;
+------------------+-------+------+----------+---------+---------------------+


+--------------------------------------------------------------+
; Progagation Delay                                            ;
+------------+-------------+--------+--------+--------+--------+
; Input Port ; Output Port ; RR     ; RF     ; FR     ; FF     ;
+------------+-------------+--------+--------+--------+--------+
; a[0]       ; ov          ; 19.069 ; 19.069 ; 19.069 ; 19.069 ;
; a[0]       ; s1[1]       ; 18.569 ; 18.569 ; 18.569 ; 18.569 ;
; a[0]       ; s1[2]       ; 18.242 ; 18.242 ; 18.242 ; 18.242 ;
; a[0]       ; s1[3]       ; 18.559 ; 18.559 ; 18.559 ; 18.559 ;
; a[0]       ; s1[6]       ; 18.242 ; 18.242 ; 18.242 ; 18.242 ;
; a[0]       ; s2[0]       ; 16.645 ; 16.645 ; 16.645 ; 16.645 ;
; a[0]       ; s2[1]       ; 17.164 ; 17.164 ; 17.164 ; 17.164 ;
; a[0]       ; s2[2]       ; 16.327 ; 16.327 ; 16.327 ; 16.327 ;
; a[0]       ; s2[3]       ; 16.289 ; 16.289 ; 16.289 ; 16.289 ;
; a[0]       ; s2[4]       ; 16.972 ; 16.972 ; 16.972 ; 16.972 ;
; a[0]       ; s2[5]       ; 16.332 ; 16.332 ; 16.332 ; 16.332 ;
; a[0]       ; s2[6]       ; 16.296 ; 16.296 ; 16.296 ; 16.296 ;
; a[1]       ; ov          ; 20.002 ; 20.002 ; 20.002 ; 20.002 ;
; a[1]       ; s1[1]       ; 19.502 ; 19.502 ; 19.502 ; 19.502 ;
; a[1]       ; s1[2]       ; 19.175 ; 19.175 ; 19.175 ; 19.175 ;
; a[1]       ; s1[3]       ; 19.492 ; 19.492 ; 19.492 ; 19.492 ;
; a[1]       ; s1[6]       ; 19.175 ; 19.175 ; 19.175 ; 19.175 ;
; a[1]       ; s2[0]       ; 17.578 ; 17.578 ; 17.578 ; 17.578 ;
; a[1]       ; s2[1]       ; 18.097 ; 18.097 ; 18.097 ; 18.097 ;
; a[1]       ; s2[2]       ; 17.260 ; 17.260 ; 17.260 ; 17.260 ;
; a[1]       ; s2[3]       ; 17.222 ; 17.222 ; 17.222 ; 17.222 ;
; a[1]       ; s2[4]       ; 17.905 ; 17.905 ; 17.905 ; 17.905 ;
; a[1]       ; s2[5]       ; 17.265 ; 17.265 ; 17.265 ; 17.265 ;
; a[1]       ; s2[6]       ; 17.229 ; 17.229 ; 17.229 ; 17.229 ;
; a[2]       ; ov          ; 19.451 ; 19.451 ; 19.451 ; 19.451 ;
; a[2]       ; s1[1]       ; 18.951 ; 18.951 ; 18.951 ; 18.951 ;
; a[2]       ; s1[2]       ; 18.624 ; 18.624 ; 18.624 ; 18.624 ;
; a[2]       ; s1[3]       ; 18.941 ; 18.941 ; 18.941 ; 18.941 ;
; a[2]       ; s1[6]       ; 18.624 ; 18.624 ; 18.624 ; 18.624 ;
; a[2]       ; s2[0]       ; 16.952 ; 16.952 ; 16.952 ; 16.952 ;
; a[2]       ; s2[1]       ; 17.471 ; 17.471 ; 17.471 ; 17.471 ;
; a[2]       ; s2[2]       ; 16.634 ; 16.634 ; 16.634 ; 16.634 ;
; a[2]       ; s2[3]       ; 16.596 ; 16.596 ; 16.596 ; 16.596 ;
; a[2]       ; s2[4]       ; 17.279 ; 17.279 ; 17.279 ; 17.279 ;
; a[2]       ; s2[5]       ; 16.639 ; 16.639 ; 16.639 ; 16.639 ;
; a[2]       ; s2[6]       ; 16.603 ; 16.603 ; 16.603 ; 16.603 ;
; a[3]       ; ov          ; 19.294 ; 19.294 ; 19.294 ; 19.294 ;
; a[3]       ; s1[1]       ; 18.467 ; 18.467 ; 18.467 ; 18.467 ;
; a[3]       ; s1[2]       ; 18.140 ; 18.140 ; 18.140 ; 18.140 ;
; a[3]       ; s1[3]       ; 18.457 ; 18.457 ; 18.457 ; 18.457 ;
; a[3]       ; s1[6]       ; 18.140 ; 18.140 ; 18.140 ; 18.140 ;
; a[3]       ; s2[0]       ; 16.468 ; 16.468 ; 16.468 ; 16.468 ;
; a[3]       ; s2[1]       ; 16.987 ; 16.987 ; 16.987 ; 16.987 ;
; a[3]       ; s2[2]       ; 16.150 ; 16.150 ; 16.150 ; 16.150 ;
; a[3]       ; s2[3]       ; 16.112 ; 16.112 ; 16.112 ; 16.112 ;
; a[3]       ; s2[4]       ; 16.795 ; 16.795 ; 16.795 ; 16.795 ;
; a[3]       ; s2[5]       ; 16.155 ; 16.155 ; 16.155 ; 16.155 ;
; a[3]       ; s2[6]       ; 16.119 ; 16.119 ; 16.119 ; 16.119 ;
; a[4]       ; ov          ; 19.025 ; 19.025 ; 19.025 ; 19.025 ;
; a[4]       ; s1[1]       ; 17.516 ; 17.516 ; 17.516 ; 17.516 ;
; a[4]       ; s1[2]       ; 17.189 ; 17.189 ; 17.189 ; 17.189 ;
; a[4]       ; s1[3]       ; 17.506 ; 17.506 ; 17.506 ; 17.506 ;
; a[4]       ; s1[6]       ; 17.189 ; 17.189 ; 17.189 ; 17.189 ;
; b[0]       ; ov          ; 19.630 ; 19.630 ; 19.630 ; 19.630 ;
; b[0]       ; s1[1]       ; 19.130 ; 19.130 ; 19.130 ; 19.130 ;
; b[0]       ; s1[2]       ; 18.803 ; 18.803 ; 18.803 ; 18.803 ;
; b[0]       ; s1[3]       ; 19.120 ; 19.120 ; 19.120 ; 19.120 ;
; b[0]       ; s1[6]       ; 18.803 ; 18.803 ; 18.803 ; 18.803 ;
; b[0]       ; s2[0]       ; 17.206 ; 17.206 ; 17.206 ; 17.206 ;
; b[0]       ; s2[1]       ; 17.725 ; 17.725 ; 17.725 ; 17.725 ;
; b[0]       ; s2[2]       ; 16.888 ; 16.888 ; 16.888 ; 16.888 ;
; b[0]       ; s2[3]       ; 16.850 ; 16.850 ; 16.850 ; 16.850 ;
; b[0]       ; s2[4]       ; 17.533 ; 17.533 ; 17.533 ; 17.533 ;
; b[0]       ; s2[5]       ; 16.893 ; 16.893 ; 16.893 ; 16.893 ;
; b[0]       ; s2[6]       ; 16.857 ; 16.857 ; 16.857 ; 16.857 ;
; b[1]       ; ov          ; 19.078 ; 19.078 ; 19.078 ; 19.078 ;
; b[1]       ; s1[1]       ; 18.439 ; 18.439 ; 18.439 ; 18.439 ;
; b[1]       ; s1[2]       ; 18.112 ; 18.112 ; 18.112 ; 18.112 ;
; b[1]       ; s1[3]       ; 18.429 ; 18.429 ; 18.429 ; 18.429 ;
; b[1]       ; s1[6]       ; 18.112 ; 18.112 ; 18.112 ; 18.112 ;
; b[1]       ; s2[0]       ; 16.676 ; 16.676 ; 16.676 ; 16.676 ;
; b[1]       ; s2[1]       ; 17.195 ; 17.195 ; 17.195 ; 17.195 ;
; b[1]       ; s2[2]       ; 16.360 ; 16.360 ; 16.360 ; 16.360 ;
; b[1]       ; s2[3]       ; 16.319 ; 16.319 ; 16.319 ; 16.319 ;
; b[1]       ; s2[4]       ; 16.974 ; 16.974 ; 16.974 ; 16.974 ;
; b[1]       ; s2[5]       ; 16.362 ; 16.362 ; 16.362 ; 16.362 ;
; b[1]       ; s2[6]       ; 16.321 ; 16.321 ; 16.321 ; 16.321 ;
; b[2]       ; ov          ; 19.761 ; 19.761 ; 19.761 ; 19.761 ;
; b[2]       ; s1[1]       ; 18.620 ; 18.620 ; 18.620 ; 18.620 ;
; b[2]       ; s1[2]       ; 18.293 ; 18.293 ; 18.293 ; 18.293 ;
; b[2]       ; s1[3]       ; 18.610 ; 18.610 ; 18.610 ; 18.610 ;
; b[2]       ; s1[6]       ; 18.293 ; 18.293 ; 18.293 ; 18.293 ;
; b[2]       ; s2[0]       ; 16.477 ; 16.477 ; 16.477 ; 16.477 ;
; b[2]       ; s2[1]       ; 16.996 ; 16.996 ; 16.996 ; 16.996 ;
; b[2]       ; s2[2]       ; 16.159 ; 16.159 ; 16.159 ; 16.159 ;
; b[2]       ; s2[3]       ; 16.121 ; 16.121 ; 16.121 ; 16.121 ;
; b[2]       ; s2[4]       ; 16.804 ; 16.804 ; 16.804 ; 16.804 ;
; b[2]       ; s2[5]       ; 16.164 ; 16.164 ; 16.164 ; 16.164 ;
; b[2]       ; s2[6]       ; 16.128 ; 16.128 ; 16.128 ; 16.128 ;
; b[3]       ; ov          ; 19.335 ; 19.335 ; 19.335 ; 19.335 ;
; b[3]       ; s1[1]       ; 18.190 ; 18.190 ; 18.190 ; 18.190 ;
; b[3]       ; s1[2]       ; 17.863 ; 17.863 ; 17.863 ; 17.863 ;
; b[3]       ; s1[3]       ; 18.180 ; 18.180 ; 18.180 ; 18.180 ;
; b[3]       ; s1[6]       ; 17.863 ; 17.863 ; 17.863 ; 17.863 ;
; b[3]       ; s2[0]       ; 15.604 ; 15.604 ; 15.604 ; 15.604 ;
; b[3]       ; s2[1]       ; 16.123 ; 16.123 ; 16.123 ; 16.123 ;
; b[3]       ; s2[2]       ; 15.286 ; 15.286 ; 15.286 ; 15.286 ;
; b[3]       ; s2[3]       ; 15.248 ; 15.248 ; 15.248 ; 15.248 ;
; b[3]       ; s2[4]       ; 15.931 ; 15.931 ; 15.931 ; 15.931 ;
; b[3]       ; s2[5]       ; 15.291 ; 15.291 ; 15.291 ; 15.291 ;
; b[3]       ; s2[6]       ; 15.255 ; 15.255 ; 15.255 ; 15.255 ;
; b[4]       ; ov          ; 16.414 ; 16.414 ; 16.414 ; 16.414 ;
; b[4]       ; s1[1]       ; 15.678 ; 15.678 ; 15.678 ; 15.678 ;
; b[4]       ; s1[2]       ; 15.351 ; 15.351 ; 15.351 ; 15.351 ;
; b[4]       ; s1[3]       ; 15.668 ; 15.668 ; 15.668 ; 15.668 ;
; b[4]       ; s1[6]       ; 15.351 ; 15.351 ; 15.351 ; 15.351 ;
; sel[0]     ; ov          ; 16.137 ; 16.137 ; 16.137 ; 16.137 ;
; sel[0]     ; s1[1]       ; 17.085 ; 17.085 ; 17.085 ; 17.085 ;
; sel[0]     ; s1[2]       ; 16.758 ; 16.758 ; 16.758 ; 16.758 ;
; sel[0]     ; s1[3]       ; 17.075 ; 17.075 ; 17.075 ; 17.075 ;
; sel[0]     ; s1[6]       ; 16.758 ; 16.758 ; 16.758 ; 16.758 ;
; sel[0]     ; s2[0]       ; 16.569 ; 16.569 ; 16.569 ; 16.569 ;
; sel[0]     ; s2[1]       ; 17.088 ; 17.088 ; 17.088 ; 17.088 ;
; sel[0]     ; s2[2]       ; 16.253 ; 16.253 ; 16.253 ; 16.253 ;
; sel[0]     ; s2[3]       ; 16.212 ; 16.212 ; 16.212 ; 16.212 ;
; sel[0]     ; s2[4]       ; 16.867 ; 16.867 ; 16.867 ; 16.867 ;
; sel[0]     ; s2[5]       ; 16.255 ; 16.255 ; 16.255 ; 16.255 ;
; sel[0]     ; s2[6]       ; 16.214 ; 16.214 ; 16.214 ; 16.214 ;
; sel[1]     ; ov          ; 16.430 ; 16.430 ; 16.430 ; 16.430 ;
; sel[1]     ; s1[1]       ; 17.378 ; 17.378 ; 17.378 ; 17.378 ;
; sel[1]     ; s1[2]       ; 17.051 ; 17.051 ; 17.051 ; 17.051 ;
; sel[1]     ; s1[3]       ; 17.368 ; 17.368 ; 17.368 ; 17.368 ;
; sel[1]     ; s1[6]       ; 17.051 ; 17.051 ; 17.051 ; 17.051 ;
; sel[1]     ; s2[0]       ; 16.862 ; 16.862 ; 16.862 ; 16.862 ;
; sel[1]     ; s2[1]       ; 17.381 ; 17.381 ; 17.381 ; 17.381 ;
; sel[1]     ; s2[2]       ; 16.546 ; 16.546 ; 16.546 ; 16.546 ;
; sel[1]     ; s2[3]       ; 16.505 ; 16.505 ; 16.505 ; 16.505 ;
; sel[1]     ; s2[4]       ; 17.160 ; 17.160 ; 17.160 ; 17.160 ;
; sel[1]     ; s2[5]       ; 16.548 ; 16.548 ; 16.548 ; 16.548 ;
; sel[1]     ; s2[6]       ; 16.507 ; 16.507 ; 16.507 ; 16.507 ;
; sel[2]     ; s1[1]       ; 9.136  ; 9.136  ; 9.136  ; 9.136  ;
; sel[2]     ; s1[2]       ; 8.809  ; 8.809  ; 8.809  ; 8.809  ;
; sel[2]     ; s1[3]       ; 9.126  ; 9.126  ; 9.126  ; 9.126  ;
; sel[2]     ; s1[6]       ; 8.809  ; 8.809  ; 8.809  ; 8.809  ;
; sel[2]     ; s2[0]       ; 9.410  ; 9.410  ; 9.410  ; 9.410  ;
; sel[2]     ; s2[1]       ; 9.929  ; 9.929  ; 9.929  ; 9.929  ;
; sel[2]     ; s2[2]       ; 9.099  ; 9.099  ; 9.099  ; 9.099  ;
; sel[2]     ; s2[3]       ; 9.053  ; 9.053  ; 9.053  ; 9.053  ;
; sel[2]     ; s2[4]       ; 9.740  ; 9.740  ; 9.740  ; 9.740  ;
; sel[2]     ; s2[5]       ; 9.094  ; 9.094  ; 9.094  ; 9.094  ;
; sel[2]     ; s2[6]       ; 9.029  ; 9.029  ; 9.029  ; 9.029  ;
+------------+-------------+--------+--------+--------+--------+


+----------------------------------------------------------+
; Minimum Progagation Delay                                ;
+------------+-------------+-------+-------+-------+-------+
; Input Port ; Output Port ; RR    ; RF    ; FR    ; FF    ;
+------------+-------------+-------+-------+-------+-------+
; a[0]       ; ov          ; 6.735 ; 6.735 ; 6.735 ; 6.735 ;
; a[0]       ; s1[1]       ; 6.998 ; 6.998 ; 6.998 ; 6.998 ;
; a[0]       ; s1[2]       ; 6.867 ; 6.867 ; 6.867 ; 6.867 ;
; a[0]       ; s1[3]       ; 6.988 ; 6.988 ; 6.988 ; 6.988 ;
; a[0]       ; s1[6]       ; 6.867 ; 6.867 ; 6.867 ; 6.867 ;
; a[0]       ; s2[0]       ; 6.237 ; 6.237 ; 6.237 ; 6.237 ;
; a[0]       ; s2[1]       ; 6.423 ; 6.423 ; 6.423 ; 6.423 ;
; a[0]       ; s2[2]       ; 6.113 ; 6.113 ; 6.113 ; 6.113 ;
; a[0]       ; s2[3]       ; 6.073 ; 6.073 ; 6.073 ; 6.073 ;
; a[0]       ; s2[4]       ; 6.296 ; 6.296 ; 6.296 ; 6.296 ;
; a[0]       ; s2[5]       ; 6.116 ; 6.116 ; 6.116 ; 6.116 ;
; a[0]       ; s2[6]       ; 6.086 ; 6.086 ; 6.086 ; 6.086 ;
; a[1]       ; ov          ; 6.941 ; 6.941 ; 6.941 ; 6.941 ;
; a[1]       ; s1[1]       ; 7.668 ; 7.668 ; 7.668 ; 7.668 ;
; a[1]       ; s1[2]       ; 7.537 ; 7.537 ; 7.537 ; 7.537 ;
; a[1]       ; s1[3]       ; 7.658 ; 7.658 ; 7.658 ; 7.658 ;
; a[1]       ; s1[6]       ; 7.537 ; 7.537 ; 7.537 ; 7.537 ;
; a[1]       ; s2[0]       ; 6.657 ; 6.657 ; 6.657 ; 6.657 ;
; a[1]       ; s2[1]       ; 6.840 ; 6.840 ; 6.840 ; 6.840 ;
; a[1]       ; s2[2]       ; 6.527 ; 6.527 ; 6.527 ; 6.527 ;
; a[1]       ; s2[3]       ; 6.493 ; 6.493 ; 6.493 ; 6.493 ;
; a[1]       ; s2[4]       ; 6.713 ; 6.713 ; 6.713 ; 6.713 ;
; a[1]       ; s2[5]       ; 6.536 ; 6.536 ; 6.536 ; 6.536 ;
; a[1]       ; s2[6]       ; 6.503 ; 6.503 ; 6.503 ; 6.503 ;
; a[2]       ; ov          ; 6.480 ; 6.480 ; 6.480 ; 6.480 ;
; a[2]       ; s1[1]       ; 7.138 ; 7.138 ; 7.138 ; 7.138 ;
; a[2]       ; s1[2]       ; 7.007 ; 7.007 ; 7.007 ; 7.007 ;
; a[2]       ; s1[3]       ; 7.128 ; 7.128 ; 7.128 ; 7.128 ;
; a[2]       ; s1[6]       ; 7.007 ; 7.007 ; 7.007 ; 7.007 ;
; a[2]       ; s2[0]       ; 6.508 ; 6.508 ; 6.508 ; 6.508 ;
; a[2]       ; s2[1]       ; 6.696 ; 6.696 ; 6.696 ; 6.696 ;
; a[2]       ; s2[2]       ; 6.375 ; 6.375 ; 6.375 ; 6.375 ;
; a[2]       ; s2[3]       ; 6.344 ; 6.344 ; 6.344 ; 6.344 ;
; a[2]       ; s2[4]       ; 6.565 ; 6.565 ; 6.565 ; 6.565 ;
; a[2]       ; s2[5]       ; 6.390 ; 6.390 ; 6.390 ; 6.390 ;
; a[2]       ; s2[6]       ; 6.357 ; 6.357 ; 6.357 ; 6.357 ;
; a[3]       ; ov          ; 6.123 ; 6.123 ; 6.123 ; 6.123 ;
; a[3]       ; s1[1]       ; 6.781 ; 6.781 ; 6.781 ; 6.781 ;
; a[3]       ; s1[2]       ; 6.650 ; 6.650 ; 6.650 ; 6.650 ;
; a[3]       ; s1[3]       ; 6.771 ; 6.771 ; 6.771 ; 6.771 ;
; a[3]       ; s1[6]       ; 6.650 ; 6.650 ; 6.650 ; 6.650 ;
; a[3]       ; s2[0]       ; 6.315 ; 6.315 ; 6.315 ; 6.315 ;
; a[3]       ; s2[1]       ; 6.498 ; 6.498 ; 6.498 ; 6.498 ;
; a[3]       ; s2[2]       ; 6.180 ; 6.180 ; 6.180 ; 6.180 ;
; a[3]       ; s2[3]       ; 6.152 ; 6.152 ; 6.152 ; 6.152 ;
; a[3]       ; s2[4]       ; 6.365 ; 6.365 ; 6.365 ; 6.365 ;
; a[3]       ; s2[5]       ; 6.194 ; 6.194 ; 6.194 ; 6.194 ;
; a[3]       ; s2[6]       ; 6.162 ; 6.162 ; 6.162 ; 6.162 ;
; a[4]       ; ov          ; 6.113 ; 6.113 ; 6.113 ; 6.113 ;
; a[4]       ; s1[1]       ; 6.491 ; 6.491 ; 6.491 ; 6.491 ;
; a[4]       ; s1[2]       ; 6.360 ; 6.360 ; 6.360 ; 6.360 ;
; a[4]       ; s1[3]       ; 6.481 ; 6.481 ; 6.481 ; 6.481 ;
; a[4]       ; s1[6]       ; 6.360 ; 6.360 ; 6.360 ; 6.360 ;
; b[0]       ; ov          ; 6.820 ; 6.820 ; 6.820 ; 6.820 ;
; b[0]       ; s1[1]       ; 7.478 ; 7.478 ; 7.478 ; 7.478 ;
; b[0]       ; s1[2]       ; 7.347 ; 7.347 ; 7.347 ; 7.347 ;
; b[0]       ; s1[3]       ; 7.468 ; 7.468 ; 7.468 ; 7.468 ;
; b[0]       ; s1[6]       ; 7.347 ; 7.347 ; 7.347 ; 7.347 ;
; b[0]       ; s2[0]       ; 6.150 ; 6.150 ; 6.150 ; 6.150 ;
; b[0]       ; s2[1]       ; 6.336 ; 6.336 ; 6.336 ; 6.336 ;
; b[0]       ; s2[2]       ; 6.026 ; 6.026 ; 6.026 ; 6.026 ;
; b[0]       ; s2[3]       ; 5.986 ; 5.986 ; 5.986 ; 5.986 ;
; b[0]       ; s2[4]       ; 6.209 ; 6.209 ; 6.209 ; 6.209 ;
; b[0]       ; s2[5]       ; 6.029 ; 6.029 ; 6.029 ; 6.029 ;
; b[0]       ; s2[6]       ; 5.999 ; 5.999 ; 5.999 ; 5.999 ;
; b[1]       ; ov          ; 7.094 ; 7.094 ; 7.094 ; 7.094 ;
; b[1]       ; s1[1]       ; 7.752 ; 7.752 ; 7.752 ; 7.752 ;
; b[1]       ; s1[2]       ; 7.621 ; 7.621 ; 7.621 ; 7.621 ;
; b[1]       ; s1[3]       ; 7.742 ; 7.742 ; 7.742 ; 7.742 ;
; b[1]       ; s1[6]       ; 7.621 ; 7.621 ; 7.621 ; 7.621 ;
; b[1]       ; s2[0]       ; 6.746 ; 6.746 ; 6.746 ; 6.746 ;
; b[1]       ; s2[1]       ; 6.929 ; 6.929 ; 6.929 ; 6.929 ;
; b[1]       ; s2[2]       ; 6.616 ; 6.616 ; 6.616 ; 6.616 ;
; b[1]       ; s2[3]       ; 6.582 ; 6.582 ; 6.582 ; 6.582 ;
; b[1]       ; s2[4]       ; 6.802 ; 6.802 ; 6.802 ; 6.802 ;
; b[1]       ; s2[5]       ; 6.625 ; 6.625 ; 6.625 ; 6.625 ;
; b[1]       ; s2[6]       ; 6.592 ; 6.592 ; 6.592 ; 6.592 ;
; b[2]       ; ov          ; 6.902 ; 6.902 ; 6.902 ; 6.902 ;
; b[2]       ; s1[1]       ; 7.560 ; 7.560 ; 7.560 ; 7.560 ;
; b[2]       ; s1[2]       ; 7.429 ; 7.429 ; 7.429 ; 7.429 ;
; b[2]       ; s1[3]       ; 7.550 ; 7.550 ; 7.550 ; 7.550 ;
; b[2]       ; s1[6]       ; 7.429 ; 7.429 ; 7.429 ; 7.429 ;
; b[2]       ; s2[0]       ; 6.683 ; 6.683 ; 6.683 ; 6.683 ;
; b[2]       ; s2[1]       ; 6.871 ; 6.871 ; 6.871 ; 6.871 ;
; b[2]       ; s2[2]       ; 6.550 ; 6.550 ; 6.550 ; 6.550 ;
; b[2]       ; s2[3]       ; 6.519 ; 6.519 ; 6.519 ; 6.519 ;
; b[2]       ; s2[4]       ; 6.740 ; 6.740 ; 6.740 ; 6.740 ;
; b[2]       ; s2[5]       ; 6.565 ; 6.565 ; 6.565 ; 6.565 ;
; b[2]       ; s2[6]       ; 6.532 ; 6.532 ; 6.532 ; 6.532 ;
; b[3]       ; ov          ; 6.277 ; 6.277 ; 6.277 ; 6.277 ;
; b[3]       ; s1[1]       ; 6.935 ; 6.935 ; 6.935 ; 6.935 ;
; b[3]       ; s1[2]       ; 6.804 ; 6.804 ; 6.804 ; 6.804 ;
; b[3]       ; s1[3]       ; 6.925 ; 6.925 ; 6.925 ; 6.925 ;
; b[3]       ; s1[6]       ; 6.804 ; 6.804 ; 6.804 ; 6.804 ;
; b[3]       ; s2[0]       ; 6.470 ; 6.470 ; 6.470 ; 6.470 ;
; b[3]       ; s2[1]       ; 6.653 ; 6.653 ; 6.653 ; 6.653 ;
; b[3]       ; s2[2]       ; 6.335 ; 6.335 ; 6.335 ; 6.335 ;
; b[3]       ; s2[3]       ; 6.307 ; 6.307 ; 6.307 ; 6.307 ;
; b[3]       ; s2[4]       ; 6.520 ; 6.520 ; 6.520 ; 6.520 ;
; b[3]       ; s2[5]       ; 6.349 ; 6.349 ; 6.349 ; 6.349 ;
; b[3]       ; s2[6]       ; 6.317 ; 6.317 ; 6.317 ; 6.317 ;
; b[4]       ; ov          ; 6.140 ; 6.140 ; 6.140 ; 6.140 ;
; b[4]       ; s1[1]       ; 6.518 ; 6.518 ; 6.518 ; 6.518 ;
; b[4]       ; s1[2]       ; 6.387 ; 6.387 ; 6.387 ; 6.387 ;
; b[4]       ; s1[3]       ; 6.508 ; 6.508 ; 6.508 ; 6.508 ;
; b[4]       ; s1[6]       ; 6.387 ; 6.387 ; 6.387 ; 6.387 ;
; sel[0]     ; ov          ; 5.952 ; 5.952 ; 5.952 ; 5.952 ;
; sel[0]     ; s1[1]       ; 6.330 ; 6.287 ; 6.287 ; 6.330 ;
; sel[0]     ; s1[2]       ; 6.199 ; 6.156 ; 6.156 ; 6.199 ;
; sel[0]     ; s1[3]       ; 6.320 ; 6.277 ; 6.277 ; 6.320 ;
; sel[0]     ; s1[6]       ; 6.199 ; 6.156 ; 6.156 ; 6.199 ;
; sel[0]     ; s2[0]       ; 6.310 ; 6.310 ; 6.310 ; 6.310 ;
; sel[0]     ; s2[1]       ; 6.496 ; 6.496 ; 6.496 ; 6.496 ;
; sel[0]     ; s2[2]       ; 6.183 ; 6.183 ; 6.183 ; 6.183 ;
; sel[0]     ; s2[3]       ; 6.146 ; 6.146 ; 6.146 ; 6.146 ;
; sel[0]     ; s2[4]       ; 6.368 ; 6.368 ; 6.368 ; 6.368 ;
; sel[0]     ; s2[5]       ; 6.189 ; 6.189 ; 6.189 ; 6.189 ;
; sel[0]     ; s2[6]       ; 6.159 ; 6.159 ; 6.159 ; 6.159 ;
; sel[1]     ; ov          ; 6.165 ; 6.165 ; 6.165 ; 6.165 ;
; sel[1]     ; s1[1]       ; 6.636 ; 6.463 ; 6.463 ; 6.636 ;
; sel[1]     ; s1[2]       ; 6.505 ; 6.332 ; 6.332 ; 6.505 ;
; sel[1]     ; s1[3]       ; 6.626 ; 6.453 ; 6.453 ; 6.626 ;
; sel[1]     ; s1[6]       ; 6.505 ; 6.332 ; 6.332 ; 6.505 ;
; sel[1]     ; s2[0]       ; 6.444 ; 6.444 ; 6.444 ; 6.444 ;
; sel[1]     ; s2[1]       ; 6.630 ; 6.630 ; 6.630 ; 6.630 ;
; sel[1]     ; s2[2]       ; 6.320 ; 6.320 ; 6.320 ; 6.320 ;
; sel[1]     ; s2[3]       ; 6.280 ; 6.280 ; 6.280 ; 6.280 ;
; sel[1]     ; s2[4]       ; 6.503 ; 6.503 ; 6.503 ; 6.503 ;
; sel[1]     ; s2[5]       ; 6.323 ; 6.323 ; 6.323 ; 6.323 ;
; sel[1]     ; s2[6]       ; 6.293 ; 6.293 ; 6.293 ; 6.293 ;
; sel[2]     ; s1[1]       ; 3.676 ; 4.105 ; 4.105 ; 3.676 ;
; sel[2]     ; s1[2]       ; 3.545 ; 3.974 ; 3.974 ; 3.545 ;
; sel[2]     ; s1[3]       ; 3.666 ; 4.095 ; 4.095 ; 3.666 ;
; sel[2]     ; s1[6]       ; 3.545 ; 3.974 ; 3.974 ; 3.545 ;
; sel[2]     ; s2[0]       ; 3.670 ; 3.670 ; 3.670 ; 3.670 ;
; sel[2]     ; s2[1]       ; 3.853 ; 3.853 ; 3.853 ; 3.853 ;
; sel[2]     ; s2[2]       ; 3.597 ; 3.535 ; 3.535 ; 3.597 ;
; sel[2]     ; s2[3]       ; 3.507 ; 3.507 ; 3.507 ; 3.507 ;
; sel[2]     ; s2[4]       ; 3.720 ; 3.720 ; 3.720 ; 3.720 ;
; sel[2]     ; s2[5]       ; 3.549 ; 3.549 ; 3.549 ; 3.549 ;
; sel[2]     ; s2[6]       ; 3.517 ; 3.517 ; 3.517 ; 3.517 ;
+------------+-------------+-------+-------+-------+-------+


-------------------
; Clock Transfers ;
-------------------
Nothing to report.


---------------
; Report TCCS ;
---------------
No dedicated SERDES Transmitter circuitry present in device or used in design


---------------
; Report RSKM ;
---------------
No dedicated SERDES Receiver circuitry present in device or used in design


+------------------------------------------------+
; Unconstrained Paths                            ;
+---------------------------------+-------+------+
; Property                        ; Setup ; Hold ;
+---------------------------------+-------+------+
; Illegal Clocks                  ; 0     ; 0    ;
; Unconstrained Clocks            ; 0     ; 0    ;
; Unconstrained Input Ports       ; 13    ; 13   ;
; Unconstrained Input Port Paths  ; 141   ; 141  ;
; Unconstrained Output Ports      ; 12    ; 12   ;
; Unconstrained Output Port Paths ; 141   ; 141  ;
+---------------------------------+-------+------+


+------------------------------------+
; TimeQuest Timing Analyzer Messages ;
+------------------------------------+
Info: *******************************************************************
Info: Running Quartus II 64-Bit TimeQuest Timing Analyzer
    Info: Version 13.0.1 Build 232 06/12/2013 Service Pack 1 SJ Web Edition
    Info: Processing started: Mon Nov 16 21:19:11 2020
Info: Command: quartus_sta Practica7 -c Practica7
Info: qsta_default_script.tcl version: #1
Warning (20028): Parallel compilation is not licensed and has been disabled
Info (21077): Low junction temperature is 0 degrees C
Info (21077): High junction temperature is 85 degrees C
Critical Warning (332012): Synopsys Design Constraints File file not found: 'Practica7.sdc'. A Synopsys Design Constraints File is required by the TimeQuest Timing Analyzer to get proper timing constraints. Without it, the Compiler will not properly optimize the design.
Info (332142): No user constrained base clocks found in the design. Calling "derive_clocks -period 1.0"
Info (332096): The command derive_clocks did not find any clocks to derive.  No clocks were created or changed.
Warning (332068): No clocks defined in design.
Info: Found TIMEQUEST_REPORT_SCRIPT_INCLUDE_DEFAULT_ANALYSIS = ON
Info (332159): No clocks to report
Info: Analyzing Slow Model
Info (332140): No fmax paths to report
Info (332140): No Setup paths to report
Info (332140): No Hold paths to report
Info (332140): No Recovery paths to report
Info (332140): No Removal paths to report
Info (332140): No Minimum Pulse Width paths to report
Info (332001): The selected device family is not supported by the report_metastability command.
Info: Analyzing Fast Model
Info (332142): No user constrained base clocks found in the design. Calling "derive_clocks -period 1.0"
Info (332096): The command derive_clocks did not find any clocks to derive.  No clocks were created or changed.
Warning (332068): No clocks defined in design.
Info (332140): No Setup paths to report
Info (332140): No Hold paths to report
Info (332140): No Recovery paths to report
Info (332140): No Removal paths to report
Info (332140): No Minimum Pulse Width paths to report
Info (332001): The selected device family is not supported by the report_metastability command.
Info (332102): Design is not fully constrained for setup requirements
Info (332102): Design is not fully constrained for hold requirements
Info: Quartus II 64-Bit TimeQuest Timing Analyzer was successful. 0 errors, 4 warnings
    Info: Peak virtual memory: 4543 megabytes
    Info: Processing ended: Mon Nov 16 21:19:13 2020
    Info: Elapsed time: 00:00:02
    Info: Total CPU time (on all processors): 00:00:01


