Flow report for Practica10
Wed Dec 09 20:57:59 2020
Quartus II 64-Bit Version 13.0.1 Build 232 06/12/2013 Service Pack 1 SJ Web Edition


---------------------
; Table of Contents ;
---------------------
  1. Legal Notice
  2. Flow Summary
  3. Flow Settings
  4. Flow Non-Default Global Settings
  5. Flow Elapsed Time
  6. Flow OS Summary
  7. Flow Log
  8. Flow Messages
  9. Flow Suppressed Messages



----------------
; Legal Notice ;
----------------
Copyright (C) 1991-2013 Altera Corporation
Your use of Altera Corporation's design tools, logic functions 
and other software and tools, and its AMPP partner logic 
functions, and any output files from any of the foregoing 
(including device programming or simulation files), and any 
associated documentation or information are expressly subject 
to the terms and conditions of the Altera Program License 
Subscription Agreement, Altera MegaCore Function License 
Agreement, or other applicable license agreement, including, 
without limitation, that your use is for the sole purpose of 
programming logic devices manufactured by Altera and sold by 
Altera or its authorized distributors.  Please refer to the 
applicable agreement for further details.



+--------------------------------------------------------------------------------------+
; Flow Summary                                                                         ;
+------------------------------------+-------------------------------------------------+
; Flow Status                        ; Successful - Wed Dec 09 20:57:59 2020           ;
; Quartus II 64-Bit Version          ; 13.0.1 Build 232 06/12/2013 SP 1 SJ Web Edition ;
; Revision Name                      ; Practica10                                      ;
; Top-level Entity Name              ; Practica10                                      ;
; Family                             ; Cyclone II                                      ;
; Device                             ; EP2C20F484C7                                    ;
; Timing Models                      ; Final                                           ;
; Total logic elements               ; 49 / 18,752 ( < 1 % )                           ;
;     Total combinational functions  ; 47 / 18,752 ( < 1 % )                           ;
;     Dedicated logic registers      ; 16 / 18,752 ( < 1 % )                           ;
; Total registers                    ; 16                                              ;
; Total pins                         ; 28 / 315 ( 9 % )                                ;
; Total virtual pins                 ; 0                                               ;
; Total memory bits                  ; 0 / 239,616 ( 0 % )                             ;
; Embedded Multiplier 9-bit elements ; 0 / 52 ( 0 % )                                  ;
; Total PLLs                         ; 0 / 4 ( 0 % )                                   ;
+------------------------------------+-------------------------------------------------+


+-----------------------------------------+
; Flow Settings                           ;
+-------------------+---------------------+
; Option            ; Setting             ;
+-------------------+---------------------+
; Start date & time ; 12/09/2020 20:57:43 ;
; Main task         ; Compilation         ;
; Revision Name     ; Practica10          ;
+-------------------+---------------------+


+------------------------------------------------------------------------------------------------------------------------------------------------+
; Flow Non-Default Global Settings                                                                                                               ;
+--------------------------------------+---------------------------------------------+---------------+-------------+-----------------------------+
; Assignment Name                      ; Value                                       ; Default Value ; Entity Name ; Section Id                  ;
+--------------------------------------+---------------------------------------------+---------------+-------------+-----------------------------+
; COMPILER_SIGNATURE_ID                ; 167317904457928.160754386303560             ; --            ; --          ; --                          ;
; EDA_DESIGN_INSTANCE_NAME             ; i1                                          ; --            ; --          ; ControlAparcamiento_vhd_tst ;
; EDA_NATIVELINK_SIMULATION_TEST_BENCH ; ControlAparcamiento_vhd_tst                 ; --            ; --          ; eda_simulation              ;
; EDA_OUTPUT_DATA_FORMAT               ; Vhdl                                        ; --            ; --          ; eda_simulation              ;
; EDA_SIMULATION_TOOL                  ; ModelSim-Altera (VHDL)                      ; <None>        ; --          ; --                          ;
; EDA_TEST_BENCH_ENABLE_STATUS         ; TEST_BENCH_MODE                             ; --            ; --          ; eda_simulation              ;
; EDA_TEST_BENCH_FILE                  ; simulation/modelsim/ControlAparcamiento.vht ; --            ; --          ; ControlAparcamiento_vhd_tst ;
; EDA_TEST_BENCH_MODULE_NAME           ; ControlAparcamiento_vhd_tst                 ; --            ; --          ; ControlAparcamiento_vhd_tst ;
; EDA_TEST_BENCH_NAME                  ; ControlAparcamiento_vhd_tst                 ; --            ; --          ; eda_simulation              ;
; MAX_CORE_JUNCTION_TEMP               ; 85                                          ; --            ; --          ; --                          ;
; MIN_CORE_JUNCTION_TEMP               ; 0                                           ; --            ; --          ; --                          ;
; PARTITION_COLOR                      ; 16764057                                    ; --            ; --          ; Top                         ;
; PARTITION_FITTER_PRESERVATION_LEVEL  ; PLACEMENT_AND_ROUTING                       ; --            ; --          ; Top                         ;
; PARTITION_NETLIST_TYPE               ; SOURCE                                      ; --            ; --          ; Top                         ;
; PROJECT_OUTPUT_DIRECTORY             ; output_files                                ; --            ; --          ; --                          ;
+--------------------------------------+---------------------------------------------+---------------+-------------+-----------------------------+


+-------------------------------------------------------------------------------------------------------------------------------+
; Flow Elapsed Time                                                                                                             ;
+---------------------------+--------------+-------------------------+---------------------+------------------------------------+
; Module Name               ; Elapsed Time ; Average Processors Used ; Peak Virtual Memory ; Total CPU Time (on all processors) ;
+---------------------------+--------------+-------------------------+---------------------+------------------------------------+
; Analysis & Synthesis      ; 00:00:03     ; 1.0                     ; 4651 MB             ; 00:00:02                           ;
; Fitter                    ; 00:00:06     ; 1.0                     ; 4848 MB             ; 00:00:05                           ;
; Assembler                 ; 00:00:02     ; 1.0                     ; 4550 MB             ; 00:00:02                           ;
; TimeQuest Timing Analyzer ; 00:00:02     ; 1.0                     ; 4543 MB             ; 00:00:01                           ;
; EDA Netlist Writer        ; 00:00:01     ; 1.0                     ; 4516 MB             ; 00:00:01                           ;
; Total                     ; 00:00:14     ; --                      ; --                  ; 00:00:11                           ;
+---------------------------+--------------+-------------------------+---------------------+------------------------------------+


+----------------------------------------------------------------------------------------+
; Flow OS Summary                                                                        ;
+---------------------------+------------------+-----------+------------+----------------+
; Module Name               ; Machine Hostname ; OS Name   ; OS Version ; Processor type ;
+---------------------------+------------------+-----------+------------+----------------+
; Analysis & Synthesis      ; DESKTOP-MQFBB8Q  ; Windows 7 ; 6.2        ; x86_64         ;
; Fitter                    ; DESKTOP-MQFBB8Q  ; Windows 7 ; 6.2        ; x86_64         ;
; Assembler                 ; DESKTOP-MQFBB8Q  ; Windows 7 ; 6.2        ; x86_64         ;
; TimeQuest Timing Analyzer ; DESKTOP-MQFBB8Q  ; Windows 7 ; 6.2        ; x86_64         ;
; EDA Netlist Writer        ; DESKTOP-MQFBB8Q  ; Windows 7 ; 6.2        ; x86_64         ;
+---------------------------+------------------+-----------+------------+----------------+


------------
; Flow Log ;
------------
quartus_map --read_settings_files=on --write_settings_files=off Practica10 -c Practica10
quartus_fit --read_settings_files=off --write_settings_files=off Practica10 -c Practica10
quartus_asm --read_settings_files=off --write_settings_files=off Practica10 -c Practica10
quartus_sta Practica10 -c Practica10
quartus_eda --read_settings_files=off --write_settings_files=off Practica10 -c Practica10



