TimeQuest Timing Analyzer report for Practica5
Tue Oct 27 08:07:29 2020
Quartus II 64-Bit Version 13.0.1 Build 232 06/12/2013 Service Pack 1 SJ Web Edition


---------------------
; Table of Contents ;
---------------------
  1. Legal Notice
  2. TimeQuest Timing Analyzer Summary
  3. Parallel Compilation
  4. Clocks
  5. Slow Model Fmax Summary
  6. Slow Model Setup Summary
  7. Slow Model Hold Summary
  8. Slow Model Recovery Summary
  9. Slow Model Removal Summary
 10. Slow Model Minimum Pulse Width Summary
 11. Propagation Delay
 12. Minimum Propagation Delay
 13. Fast Model Setup Summary
 14. Fast Model Hold Summary
 15. Fast Model Recovery Summary
 16. Fast Model Removal Summary
 17. Fast Model Minimum Pulse Width Summary
 18. Propagation Delay
 19. Minimum Propagation Delay
 20. Multicorner Timing Analysis Summary
 21. Progagation Delay
 22. Minimum Progagation Delay
 23. Clock Transfers
 24. Report TCCS
 25. Report RSKM
 26. Unconstrained Paths
 27. TimeQuest Timing Analyzer Messages



----------------
; Legal Notice ;
----------------
Copyright (C) 1991-2013 Altera Corporation
Your use of Altera Corporation's design tools, logic functions 
and other software and tools, and its AMPP partner logic 
functions, and any output files from any of the foregoing 
(including device programming or simulation files), and any 
associated documentation or information are expressly subject 
to the terms and conditions of the Altera Program License 
Subscription Agreement, Altera MegaCore Function License 
Agreement, or other applicable license agreement, including, 
without limitation, that your use is for the sole purpose of 
programming logic devices manufactured by Altera and sold by 
Altera or its authorized distributors.  Please refer to the 
applicable agreement for further details.



+----------------------------------------------------------------------------------------+
; TimeQuest Timing Analyzer Summary                                                      ;
+--------------------+-------------------------------------------------------------------+
; Quartus II Version ; Version 13.0.1 Build 232 06/12/2013 Service Pack 1 SJ Web Edition ;
; Revision Name      ; Practica5                                                         ;
; Device Family      ; Cyclone II                                                        ;
; Device Name        ; EP2C35F484C7                                                      ;
; Timing Models      ; Final                                                             ;
; Delay Model        ; Combined                                                          ;
; Rise/Fall Delays   ; Unavailable                                                       ;
+--------------------+-------------------------------------------------------------------+


Parallel compilation was disabled, but you have multiple processors available. Enable parallel compilation to reduce compilation time.
+-------------------------------------+
; Parallel Compilation                ;
+----------------------------+--------+
; Processors                 ; Number ;
+----------------------------+--------+
; Number detected on machine ; 8      ;
; Maximum allowed            ; 1      ;
+----------------------------+--------+


----------
; Clocks ;
----------
No clocks to report.


---------------------------
; Slow Model Fmax Summary ;
---------------------------
No paths to report.


----------------------------
; Slow Model Setup Summary ;
----------------------------
No paths to report.


---------------------------
; Slow Model Hold Summary ;
---------------------------
No paths to report.


-------------------------------
; Slow Model Recovery Summary ;
-------------------------------
No paths to report.


------------------------------
; Slow Model Removal Summary ;
------------------------------
No paths to report.


------------------------------------------
; Slow Model Minimum Pulse Width Summary ;
------------------------------------------
No paths to report.


+--------------------------------------------------------------+
; Propagation Delay                                            ;
+------------+-------------+--------+--------+--------+--------+
; Input Port ; Output Port ; RR     ; RF     ; FR     ; FF     ;
+------------+-------------+--------+--------+--------+--------+
; a[0]       ; c_out       ; 13.666 ;        ;        ; 13.666 ;
; a[0]       ; salida1[0]  ; 10.024 ; 10.024 ; 10.024 ; 10.024 ;
; a[0]       ; salida1[1]  ; 9.993  ; 9.993  ; 9.993  ; 9.993  ;
; a[0]       ; salida1[2]  ; 10.325 ; 10.325 ; 10.325 ; 10.325 ;
; a[0]       ; salida1[3]  ; 10.019 ; 10.019 ; 10.019 ; 10.019 ;
; a[0]       ; salida1[4]  ; 10.343 ; 10.343 ; 10.343 ; 10.343 ;
; a[0]       ; salida1[5]  ; 10.343 ; 10.343 ; 10.343 ; 10.343 ;
; a[0]       ; salida1[6]  ; 9.991  ; 9.991  ; 9.991  ; 9.991  ;
; a[0]       ; salida2[1]  ; 10.036 ; 10.036 ; 10.036 ; 10.036 ;
; a[0]       ; salida2[2]  ; 9.670  ; 9.670  ; 9.670  ; 9.670  ;
; a[0]       ; salida2[3]  ; 10.026 ; 10.026 ; 10.026 ; 10.026 ;
; a[0]       ; salida2[6]  ; 9.670  ; 9.670  ; 9.670  ; 9.670  ;
; a[1]       ; c_out       ; 13.293 ;        ;        ; 13.293 ;
; a[1]       ; salida1[0]  ; 9.651  ; 9.651  ; 9.651  ; 9.651  ;
; a[1]       ; salida1[1]  ; 9.620  ; 9.620  ; 9.620  ; 9.620  ;
; a[1]       ; salida1[2]  ; 9.952  ; 9.952  ; 9.952  ; 9.952  ;
; a[1]       ; salida1[3]  ; 9.646  ; 9.646  ; 9.646  ; 9.646  ;
; a[1]       ; salida1[4]  ; 9.970  ; 9.970  ; 9.970  ; 9.970  ;
; a[1]       ; salida1[5]  ; 9.970  ; 9.970  ; 9.970  ; 9.970  ;
; a[1]       ; salida1[6]  ; 9.618  ; 9.618  ; 9.618  ; 9.618  ;
; a[1]       ; salida2[1]  ; 9.663  ; 9.663  ; 9.663  ; 9.663  ;
; a[1]       ; salida2[2]  ; 9.297  ; 9.297  ; 9.297  ; 9.297  ;
; a[1]       ; salida2[3]  ; 9.653  ; 9.653  ; 9.653  ; 9.653  ;
; a[1]       ; salida2[6]  ; 9.297  ; 9.297  ; 9.297  ; 9.297  ;
; a[2]       ; c_out       ; 12.584 ;        ;        ; 12.584 ;
; a[2]       ; salida1[0]  ; 8.906  ; 8.906  ; 8.906  ; 8.906  ;
; a[2]       ; salida1[1]  ; 8.875  ; 8.875  ; 8.875  ; 8.875  ;
; a[2]       ; salida1[2]  ; 9.207  ; 9.207  ; 9.207  ; 9.207  ;
; a[2]       ; salida1[3]  ; 8.901  ; 8.901  ; 8.901  ; 8.901  ;
; a[2]       ; salida1[4]  ; 9.225  ; 9.225  ; 9.225  ; 9.225  ;
; a[2]       ; salida1[5]  ; 9.225  ; 9.225  ; 9.225  ; 9.225  ;
; a[2]       ; salida1[6]  ; 8.873  ; 8.873  ; 8.873  ; 8.873  ;
; a[2]       ; salida2[1]  ; 8.954  ; 8.954  ; 8.954  ; 8.954  ;
; a[2]       ; salida2[2]  ; 8.588  ; 8.588  ; 8.588  ; 8.588  ;
; a[2]       ; salida2[3]  ; 8.944  ; 8.944  ; 8.944  ; 8.944  ;
; a[2]       ; salida2[6]  ; 8.588  ; 8.588  ; 8.588  ; 8.588  ;
; a[3]       ; c_out       ; 12.815 ;        ;        ; 12.815 ;
; a[3]       ; salida1[0]  ; 8.515  ; 8.515  ; 8.515  ; 8.515  ;
; a[3]       ; salida1[1]  ; 8.484  ; 8.484  ; 8.484  ; 8.484  ;
; a[3]       ; salida1[2]  ; 8.816  ; 8.816  ; 8.816  ; 8.816  ;
; a[3]       ; salida1[3]  ; 8.510  ; 8.510  ; 8.510  ; 8.510  ;
; a[3]       ; salida1[4]  ; 8.834  ; 8.834  ; 8.834  ; 8.834  ;
; a[3]       ; salida1[5]  ; 8.834  ; 8.834  ; 8.834  ; 8.834  ;
; a[3]       ; salida1[6]  ; 8.482  ; 8.482  ; 8.482  ; 8.482  ;
; a[3]       ; salida2[1]  ; 9.185  ; 9.185  ; 9.185  ; 9.185  ;
; a[3]       ; salida2[2]  ; 8.819  ; 8.819  ; 8.819  ; 8.819  ;
; a[3]       ; salida2[3]  ; 9.175  ; 9.175  ; 9.175  ; 9.175  ;
; a[3]       ; salida2[6]  ; 8.819  ; 8.819  ; 8.819  ; 8.819  ;
; a[4]       ; c_out       ; 11.071 ;        ;        ; 11.071 ;
; a[4]       ; salida2[1]  ; 7.437  ; 7.437  ; 7.437  ; 7.437  ;
; a[4]       ; salida2[2]  ; 7.071  ; 7.071  ; 7.071  ; 7.071  ;
; a[4]       ; salida2[3]  ; 7.427  ; 7.427  ; 7.427  ; 7.427  ;
; a[4]       ; salida2[6]  ; 7.071  ; 7.071  ; 7.071  ; 7.071  ;
; b[0]       ; c_out       ; 13.559 ;        ;        ; 13.559 ;
; b[0]       ; salida1[0]  ; 9.917  ; 9.917  ; 9.917  ; 9.917  ;
; b[0]       ; salida1[1]  ; 9.886  ; 9.886  ; 9.886  ; 9.886  ;
; b[0]       ; salida1[2]  ; 10.218 ; 10.218 ; 10.218 ; 10.218 ;
; b[0]       ; salida1[3]  ; 9.912  ; 9.912  ; 9.912  ; 9.912  ;
; b[0]       ; salida1[4]  ; 10.236 ; 10.236 ; 10.236 ; 10.236 ;
; b[0]       ; salida1[5]  ; 10.236 ; 10.236 ; 10.236 ; 10.236 ;
; b[0]       ; salida1[6]  ; 9.884  ; 9.884  ; 9.884  ; 9.884  ;
; b[0]       ; salida2[1]  ; 9.929  ; 9.929  ; 9.929  ; 9.929  ;
; b[0]       ; salida2[2]  ; 9.563  ; 9.563  ; 9.563  ; 9.563  ;
; b[0]       ; salida2[3]  ; 9.919  ; 9.919  ; 9.919  ; 9.919  ;
; b[0]       ; salida2[6]  ; 9.563  ; 9.563  ; 9.563  ; 9.563  ;
; b[1]       ; c_out       ; 12.871 ;        ;        ; 12.871 ;
; b[1]       ; salida1[0]  ; 9.229  ; 9.229  ; 9.229  ; 9.229  ;
; b[1]       ; salida1[1]  ; 9.198  ; 9.198  ; 9.198  ; 9.198  ;
; b[1]       ; salida1[2]  ; 9.530  ; 9.530  ; 9.530  ; 9.530  ;
; b[1]       ; salida1[3]  ; 9.224  ; 9.224  ; 9.224  ; 9.224  ;
; b[1]       ; salida1[4]  ; 9.548  ; 9.548  ; 9.548  ; 9.548  ;
; b[1]       ; salida1[5]  ; 9.548  ; 9.548  ; 9.548  ; 9.548  ;
; b[1]       ; salida1[6]  ; 9.196  ; 9.196  ; 9.196  ; 9.196  ;
; b[1]       ; salida2[1]  ; 9.241  ; 9.241  ; 9.241  ; 9.241  ;
; b[1]       ; salida2[2]  ; 8.875  ; 8.875  ; 8.875  ; 8.875  ;
; b[1]       ; salida2[3]  ; 9.231  ; 9.231  ; 9.231  ; 9.231  ;
; b[1]       ; salida2[6]  ; 8.875  ; 8.875  ; 8.875  ; 8.875  ;
; b[2]       ; c_out       ; 10.789 ;        ;        ; 10.789 ;
; b[2]       ; salida1[0]  ; 7.149  ; 7.149  ; 7.149  ; 7.149  ;
; b[2]       ; salida1[1]  ; 7.118  ; 7.118  ; 7.118  ; 7.118  ;
; b[2]       ; salida1[2]  ; 7.450  ; 7.450  ; 7.450  ; 7.450  ;
; b[2]       ; salida1[3]  ; 7.144  ; 7.144  ; 7.144  ; 7.144  ;
; b[2]       ; salida1[4]  ; 7.468  ; 7.468  ; 7.468  ; 7.468  ;
; b[2]       ; salida1[5]  ; 7.468  ; 7.468  ; 7.468  ; 7.468  ;
; b[2]       ; salida1[6]  ; 7.116  ; 7.116  ; 7.116  ; 7.116  ;
; b[2]       ; salida2[1]  ; 7.159  ; 7.159  ; 7.159  ; 7.159  ;
; b[2]       ; salida2[2]  ; 6.793  ; 6.793  ; 6.793  ; 6.793  ;
; b[2]       ; salida2[3]  ; 7.149  ; 7.149  ; 7.149  ; 7.149  ;
; b[2]       ; salida2[6]  ; 6.793  ; 6.793  ; 6.793  ; 6.793  ;
; b[3]       ; c_out       ; 11.304 ;        ;        ; 11.304 ;
; b[3]       ; salida1[0]  ; 6.414  ; 6.414  ; 6.414  ; 6.414  ;
; b[3]       ; salida1[1]  ; 6.383  ; 6.383  ; 6.383  ; 6.383  ;
; b[3]       ; salida1[2]  ; 6.715  ; 6.715  ; 6.715  ; 6.715  ;
; b[3]       ; salida1[3]  ; 6.409  ; 6.409  ; 6.409  ; 6.409  ;
; b[3]       ; salida1[4]  ; 6.733  ; 6.733  ; 6.733  ; 6.733  ;
; b[3]       ; salida1[5]  ; 6.733  ; 6.733  ; 6.733  ; 6.733  ;
; b[3]       ; salida1[6]  ; 6.381  ; 6.381  ; 6.381  ; 6.381  ;
; b[3]       ; salida2[1]  ; 7.674  ; 7.674  ; 7.674  ; 7.674  ;
; b[3]       ; salida2[2]  ; 7.308  ; 7.308  ; 7.308  ; 7.308  ;
; b[3]       ; salida2[3]  ; 7.664  ; 7.664  ; 7.664  ; 7.664  ;
; b[3]       ; salida2[6]  ; 7.308  ; 7.308  ; 7.308  ; 7.308  ;
; b[4]       ; c_out       ; 9.743  ;        ;        ; 9.743  ;
; b[4]       ; salida2[1]  ; 6.111  ; 6.111  ; 6.111  ; 6.111  ;
; b[4]       ; salida2[2]  ; 5.745  ; 5.745  ; 5.745  ; 5.745  ;
; b[4]       ; salida2[3]  ; 6.101  ; 6.101  ; 6.101  ; 6.101  ;
; b[4]       ; salida2[6]  ; 5.745  ; 5.745  ; 5.745  ; 5.745  ;
+------------+-------------+--------+--------+--------+--------+


+--------------------------------------------------------------+
; Minimum Propagation Delay                                    ;
+------------+-------------+--------+--------+--------+--------+
; Input Port ; Output Port ; RR     ; RF     ; FR     ; FF     ;
+------------+-------------+--------+--------+--------+--------+
; a[0]       ; c_out       ; 13.666 ;        ;        ; 13.666 ;
; a[0]       ; salida1[0]  ; 7.926  ; 7.926  ; 7.926  ; 7.926  ;
; a[0]       ; salida1[1]  ; 7.926  ; 7.926  ; 7.926  ; 7.926  ;
; a[0]       ; salida1[2]  ; 8.258  ; 8.258  ; 8.258  ; 8.258  ;
; a[0]       ; salida1[3]  ; 7.927  ; 7.927  ; 7.927  ; 7.927  ;
; a[0]       ; salida1[4]  ; 8.236  ; 8.236  ; 8.236  ; 8.236  ;
; a[0]       ; salida1[5]  ; 8.250  ; 8.250  ; 8.250  ; 8.250  ;
; a[0]       ; salida1[6]  ; 7.927  ; 7.927  ; 7.927  ; 7.927  ;
; a[0]       ; salida2[1]  ; 10.036 ; 10.036 ; 10.036 ; 10.036 ;
; a[0]       ; salida2[2]  ; 9.670  ; 9.670  ; 9.670  ; 9.670  ;
; a[0]       ; salida2[3]  ; 10.026 ; 10.026 ; 10.026 ; 10.026 ;
; a[0]       ; salida2[6]  ; 9.670  ; 9.670  ; 9.670  ; 9.670  ;
; a[1]       ; c_out       ; 13.293 ;        ;        ; 13.293 ;
; a[1]       ; salida1[0]  ; 8.268  ; 8.268  ; 8.268  ; 8.268  ;
; a[1]       ; salida1[1]  ; 8.263  ; 8.263  ; 8.263  ; 8.263  ;
; a[1]       ; salida1[2]  ; 8.563  ; 8.563  ; 8.563  ; 8.563  ;
; a[1]       ; salida1[3]  ; 8.269  ; 8.269  ; 8.269  ; 8.269  ;
; a[1]       ; salida1[4]  ; 8.577  ; 8.577  ; 8.577  ; 8.577  ;
; a[1]       ; salida1[5]  ; 8.591  ; 8.591  ; 8.591  ; 8.591  ;
; a[1]       ; salida1[6]  ; 8.231  ; 8.231  ; 8.231  ; 8.231  ;
; a[1]       ; salida2[1]  ; 9.663  ; 9.663  ; 9.663  ; 9.663  ;
; a[1]       ; salida2[2]  ; 9.297  ; 9.297  ; 9.297  ; 9.297  ;
; a[1]       ; salida2[3]  ; 9.653  ; 9.653  ; 9.653  ; 9.653  ;
; a[1]       ; salida2[6]  ; 9.297  ; 9.297  ; 9.297  ; 9.297  ;
; a[2]       ; c_out       ; 12.584 ;        ;        ; 12.584 ;
; a[2]       ; salida1[0]  ; 8.193  ; 8.193  ; 8.193  ; 8.193  ;
; a[2]       ; salida1[1]  ; 8.193  ; 8.193  ; 8.193  ; 8.193  ;
; a[2]       ; salida1[2]  ; 8.525  ; 8.525  ; 8.525  ; 8.525  ;
; a[2]       ; salida1[3]  ; 8.193  ; 8.193  ; 8.193  ; 8.193  ;
; a[2]       ; salida1[4]  ; 8.503  ; 8.503  ; 8.503  ; 8.503  ;
; a[2]       ; salida1[5]  ; 8.516  ; 8.516  ; 8.516  ; 8.516  ;
; a[2]       ; salida1[6]  ; 8.193  ; 8.193  ; 8.193  ; 8.193  ;
; a[2]       ; salida2[1]  ; 8.954  ; 8.954  ; 8.954  ; 8.954  ;
; a[2]       ; salida2[2]  ; 8.588  ; 8.588  ; 8.588  ; 8.588  ;
; a[2]       ; salida2[3]  ; 8.944  ; 8.944  ; 8.944  ; 8.944  ;
; a[2]       ; salida2[6]  ; 8.588  ; 8.588  ; 8.588  ; 8.588  ;
; a[3]       ; c_out       ; 12.698 ;        ;        ; 12.698 ;
; a[3]       ; salida1[0]  ; 8.515  ; 8.515  ; 8.515  ; 8.515  ;
; a[3]       ; salida1[1]  ; 8.484  ; 8.484  ; 8.484  ; 8.484  ;
; a[3]       ; salida1[2]  ; 8.816  ; 8.816  ; 8.816  ; 8.816  ;
; a[3]       ; salida1[3]  ; 8.510  ; 8.510  ; 8.510  ; 8.510  ;
; a[3]       ; salida1[4]  ; 8.834  ; 8.834  ; 8.834  ; 8.834  ;
; a[3]       ; salida1[5]  ; 8.834  ; 8.834  ; 8.834  ; 8.834  ;
; a[3]       ; salida1[6]  ; 8.482  ; 8.482  ; 8.482  ; 8.482  ;
; a[3]       ; salida2[1]  ; 9.062  ; 9.062  ; 9.062  ; 9.062  ;
; a[3]       ; salida2[2]  ; 8.696  ; 8.696  ; 8.696  ; 8.696  ;
; a[3]       ; salida2[3]  ; 9.052  ; 9.052  ; 9.052  ; 9.052  ;
; a[3]       ; salida2[6]  ; 8.696  ; 8.696  ; 8.696  ; 8.696  ;
; a[4]       ; c_out       ; 11.071 ;        ;        ; 11.071 ;
; a[4]       ; salida2[1]  ; 7.437  ; 7.437  ; 7.437  ; 7.437  ;
; a[4]       ; salida2[2]  ; 7.071  ; 7.071  ; 7.071  ; 7.071  ;
; a[4]       ; salida2[3]  ; 7.427  ; 7.427  ; 7.427  ; 7.427  ;
; a[4]       ; salida2[6]  ; 7.071  ; 7.071  ; 7.071  ; 7.071  ;
; b[0]       ; c_out       ; 13.559 ;        ;        ; 13.559 ;
; b[0]       ; salida1[0]  ; 8.210  ; 8.210  ; 8.210  ; 8.210  ;
; b[0]       ; salida1[1]  ; 8.210  ; 8.210  ; 8.210  ; 8.210  ;
; b[0]       ; salida1[2]  ; 8.542  ; 8.542  ; 8.542  ; 8.542  ;
; b[0]       ; salida1[3]  ; 8.211  ; 8.211  ; 8.211  ; 8.211  ;
; b[0]       ; salida1[4]  ; 8.520  ; 8.520  ; 8.520  ; 8.520  ;
; b[0]       ; salida1[5]  ; 8.534  ; 8.534  ; 8.534  ; 8.534  ;
; b[0]       ; salida1[6]  ; 8.211  ; 8.211  ; 8.211  ; 8.211  ;
; b[0]       ; salida2[1]  ; 9.929  ; 9.929  ; 9.929  ; 9.929  ;
; b[0]       ; salida2[2]  ; 9.563  ; 9.563  ; 9.563  ; 9.563  ;
; b[0]       ; salida2[3]  ; 9.919  ; 9.919  ; 9.919  ; 9.919  ;
; b[0]       ; salida2[6]  ; 9.563  ; 9.563  ; 9.563  ; 9.563  ;
; b[1]       ; c_out       ; 12.871 ;        ;        ; 12.871 ;
; b[1]       ; salida1[0]  ; 7.846  ; 7.846  ; 7.846  ; 7.846  ;
; b[1]       ; salida1[1]  ; 7.841  ; 7.841  ; 7.841  ; 7.841  ;
; b[1]       ; salida1[2]  ; 8.141  ; 8.141  ; 8.141  ; 8.141  ;
; b[1]       ; salida1[3]  ; 7.847  ; 7.847  ; 7.847  ; 7.847  ;
; b[1]       ; salida1[4]  ; 8.155  ; 8.155  ; 8.155  ; 8.155  ;
; b[1]       ; salida1[5]  ; 8.169  ; 8.169  ; 8.169  ; 8.169  ;
; b[1]       ; salida1[6]  ; 7.809  ; 7.809  ; 7.809  ; 7.809  ;
; b[1]       ; salida2[1]  ; 9.241  ; 9.241  ; 9.241  ; 9.241  ;
; b[1]       ; salida2[2]  ; 8.875  ; 8.875  ; 8.875  ; 8.875  ;
; b[1]       ; salida2[3]  ; 9.231  ; 9.231  ; 9.231  ; 9.231  ;
; b[1]       ; salida2[6]  ; 8.875  ; 8.875  ; 8.875  ; 8.875  ;
; b[2]       ; c_out       ; 10.789 ;        ;        ; 10.789 ;
; b[2]       ; salida1[0]  ; 6.435  ; 6.435  ; 6.435  ; 6.435  ;
; b[2]       ; salida1[1]  ; 6.435  ; 6.435  ; 6.435  ; 6.435  ;
; b[2]       ; salida1[2]  ; 6.767  ; 6.767  ; 6.767  ; 6.767  ;
; b[2]       ; salida1[3]  ; 6.435  ; 6.435  ; 6.435  ; 6.435  ;
; b[2]       ; salida1[4]  ; 6.745  ; 6.745  ; 6.745  ; 6.745  ;
; b[2]       ; salida1[5]  ; 6.758  ; 6.758  ; 6.758  ; 6.758  ;
; b[2]       ; salida1[6]  ; 6.435  ; 6.435  ; 6.435  ; 6.435  ;
; b[2]       ; salida2[1]  ; 7.159  ; 7.159  ; 7.159  ; 7.159  ;
; b[2]       ; salida2[2]  ; 6.793  ; 6.793  ; 6.793  ; 6.793  ;
; b[2]       ; salida2[3]  ; 7.149  ; 7.149  ; 7.149  ; 7.149  ;
; b[2]       ; salida2[6]  ; 6.793  ; 6.793  ; 6.793  ; 6.793  ;
; b[3]       ; c_out       ; 11.146 ;        ;        ; 11.146 ;
; b[3]       ; salida1[0]  ; 6.414  ; 6.414  ; 6.414  ; 6.414  ;
; b[3]       ; salida1[1]  ; 6.383  ; 6.383  ; 6.383  ; 6.383  ;
; b[3]       ; salida1[2]  ; 6.715  ; 6.715  ; 6.715  ; 6.715  ;
; b[3]       ; salida1[3]  ; 6.409  ; 6.409  ; 6.409  ; 6.409  ;
; b[3]       ; salida1[4]  ; 6.733  ; 6.733  ; 6.733  ; 6.733  ;
; b[3]       ; salida1[5]  ; 6.733  ; 6.733  ; 6.733  ; 6.733  ;
; b[3]       ; salida1[6]  ; 6.381  ; 6.381  ; 6.381  ; 6.381  ;
; b[3]       ; salida2[1]  ; 7.510  ; 7.510  ; 7.510  ; 7.510  ;
; b[3]       ; salida2[2]  ; 7.144  ; 7.144  ; 7.144  ; 7.144  ;
; b[3]       ; salida2[3]  ; 7.500  ; 7.500  ; 7.500  ; 7.500  ;
; b[3]       ; salida2[6]  ; 7.144  ; 7.144  ; 7.144  ; 7.144  ;
; b[4]       ; c_out       ; 9.743  ;        ;        ; 9.743  ;
; b[4]       ; salida2[1]  ; 6.111  ; 6.111  ; 6.111  ; 6.111  ;
; b[4]       ; salida2[2]  ; 5.745  ; 5.745  ; 5.745  ; 5.745  ;
; b[4]       ; salida2[3]  ; 6.101  ; 6.101  ; 6.101  ; 6.101  ;
; b[4]       ; salida2[6]  ; 5.745  ; 5.745  ; 5.745  ; 5.745  ;
+------------+-------------+--------+--------+--------+--------+


----------------------------
; Fast Model Setup Summary ;
----------------------------
No paths to report.


---------------------------
; Fast Model Hold Summary ;
---------------------------
No paths to report.


-------------------------------
; Fast Model Recovery Summary ;
-------------------------------
No paths to report.


------------------------------
; Fast Model Removal Summary ;
------------------------------
No paths to report.


------------------------------------------
; Fast Model Minimum Pulse Width Summary ;
------------------------------------------
No paths to report.


+----------------------------------------------------------+
; Propagation Delay                                        ;
+------------+-------------+-------+-------+-------+-------+
; Input Port ; Output Port ; RR    ; RF    ; FR    ; FF    ;
+------------+-------------+-------+-------+-------+-------+
; a[0]       ; c_out       ; 5.799 ;       ;       ; 5.799 ;
; a[0]       ; salida1[0]  ; 4.337 ; 4.337 ; 4.337 ; 4.337 ;
; a[0]       ; salida1[1]  ; 4.337 ; 4.337 ; 4.337 ; 4.337 ;
; a[0]       ; salida1[2]  ; 4.455 ; 4.455 ; 4.455 ; 4.455 ;
; a[0]       ; salida1[3]  ; 4.335 ; 4.335 ; 4.335 ; 4.335 ;
; a[0]       ; salida1[4]  ; 4.457 ; 4.457 ; 4.457 ; 4.457 ;
; a[0]       ; salida1[5]  ; 4.440 ; 4.440 ; 4.440 ; 4.440 ;
; a[0]       ; salida1[6]  ; 4.335 ; 4.335 ; 4.335 ; 4.335 ;
; a[0]       ; salida2[1]  ; 4.381 ; 4.381 ; 4.381 ; 4.381 ;
; a[0]       ; salida2[2]  ; 4.226 ; 4.226 ; 4.226 ; 4.226 ;
; a[0]       ; salida2[3]  ; 4.371 ; 4.371 ; 4.371 ; 4.371 ;
; a[0]       ; salida2[6]  ; 4.226 ; 4.226 ; 4.226 ; 4.226 ;
; a[1]       ; c_out       ; 5.675 ;       ;       ; 5.675 ;
; a[1]       ; salida1[0]  ; 4.213 ; 4.213 ; 4.213 ; 4.213 ;
; a[1]       ; salida1[1]  ; 4.213 ; 4.213 ; 4.213 ; 4.213 ;
; a[1]       ; salida1[2]  ; 4.331 ; 4.331 ; 4.331 ; 4.331 ;
; a[1]       ; salida1[3]  ; 4.211 ; 4.211 ; 4.211 ; 4.211 ;
; a[1]       ; salida1[4]  ; 4.333 ; 4.333 ; 4.333 ; 4.333 ;
; a[1]       ; salida1[5]  ; 4.316 ; 4.316 ; 4.316 ; 4.316 ;
; a[1]       ; salida1[6]  ; 4.211 ; 4.211 ; 4.211 ; 4.211 ;
; a[1]       ; salida2[1]  ; 4.257 ; 4.257 ; 4.257 ; 4.257 ;
; a[1]       ; salida2[2]  ; 4.102 ; 4.102 ; 4.102 ; 4.102 ;
; a[1]       ; salida2[3]  ; 4.247 ; 4.247 ; 4.247 ; 4.247 ;
; a[1]       ; salida2[6]  ; 4.102 ; 4.102 ; 4.102 ; 4.102 ;
; a[2]       ; c_out       ; 5.423 ;       ;       ; 5.423 ;
; a[2]       ; salida1[0]  ; 3.957 ; 3.957 ; 3.957 ; 3.957 ;
; a[2]       ; salida1[1]  ; 3.957 ; 3.957 ; 3.957 ; 3.957 ;
; a[2]       ; salida1[2]  ; 4.075 ; 4.075 ; 4.075 ; 4.075 ;
; a[2]       ; salida1[3]  ; 3.955 ; 3.955 ; 3.955 ; 3.955 ;
; a[2]       ; salida1[4]  ; 4.077 ; 4.077 ; 4.077 ; 4.077 ;
; a[2]       ; salida1[5]  ; 4.060 ; 4.060 ; 4.060 ; 4.060 ;
; a[2]       ; salida1[6]  ; 3.955 ; 3.955 ; 3.955 ; 3.955 ;
; a[2]       ; salida2[1]  ; 4.005 ; 4.005 ; 4.005 ; 4.005 ;
; a[2]       ; salida2[2]  ; 3.850 ; 3.850 ; 3.850 ; 3.850 ;
; a[2]       ; salida2[3]  ; 3.995 ; 3.995 ; 3.995 ; 3.995 ;
; a[2]       ; salida2[6]  ; 3.850 ; 3.850 ; 3.850 ; 3.850 ;
; a[3]       ; c_out       ; 5.547 ;       ;       ; 5.547 ;
; a[3]       ; salida1[0]  ; 3.842 ; 3.842 ; 3.842 ; 3.842 ;
; a[3]       ; salida1[1]  ; 3.842 ; 3.842 ; 3.842 ; 3.842 ;
; a[3]       ; salida1[2]  ; 3.960 ; 3.960 ; 3.960 ; 3.960 ;
; a[3]       ; salida1[3]  ; 3.840 ; 3.840 ; 3.840 ; 3.840 ;
; a[3]       ; salida1[4]  ; 3.962 ; 3.962 ; 3.962 ; 3.962 ;
; a[3]       ; salida1[5]  ; 3.945 ; 3.945 ; 3.945 ; 3.945 ;
; a[3]       ; salida1[6]  ; 3.840 ; 3.840 ; 3.840 ; 3.840 ;
; a[3]       ; salida2[1]  ; 4.129 ; 4.129 ; 4.129 ; 4.129 ;
; a[3]       ; salida2[2]  ; 3.974 ; 3.974 ; 3.974 ; 3.974 ;
; a[3]       ; salida2[3]  ; 4.119 ; 4.119 ; 4.119 ; 4.119 ;
; a[3]       ; salida2[6]  ; 3.974 ; 3.974 ; 3.974 ; 3.974 ;
; a[4]       ; c_out       ; 4.904 ;       ;       ; 4.904 ;
; a[4]       ; salida2[1]  ; 3.476 ; 3.476 ; 3.476 ; 3.476 ;
; a[4]       ; salida2[2]  ; 3.321 ; 3.321 ; 3.321 ; 3.321 ;
; a[4]       ; salida2[3]  ; 3.466 ; 3.466 ; 3.466 ; 3.466 ;
; a[4]       ; salida2[6]  ; 3.321 ; 3.321 ; 3.321 ; 3.321 ;
; b[0]       ; c_out       ; 5.796 ;       ;       ; 5.796 ;
; b[0]       ; salida1[0]  ; 4.334 ; 4.334 ; 4.334 ; 4.334 ;
; b[0]       ; salida1[1]  ; 4.334 ; 4.334 ; 4.334 ; 4.334 ;
; b[0]       ; salida1[2]  ; 4.452 ; 4.452 ; 4.452 ; 4.452 ;
; b[0]       ; salida1[3]  ; 4.332 ; 4.332 ; 4.332 ; 4.332 ;
; b[0]       ; salida1[4]  ; 4.454 ; 4.454 ; 4.454 ; 4.454 ;
; b[0]       ; salida1[5]  ; 4.437 ; 4.437 ; 4.437 ; 4.437 ;
; b[0]       ; salida1[6]  ; 4.332 ; 4.332 ; 4.332 ; 4.332 ;
; b[0]       ; salida2[1]  ; 4.378 ; 4.378 ; 4.378 ; 4.378 ;
; b[0]       ; salida2[2]  ; 4.223 ; 4.223 ; 4.223 ; 4.223 ;
; b[0]       ; salida2[3]  ; 4.368 ; 4.368 ; 4.368 ; 4.368 ;
; b[0]       ; salida2[6]  ; 4.223 ; 4.223 ; 4.223 ; 4.223 ;
; b[1]       ; c_out       ; 5.514 ;       ;       ; 5.514 ;
; b[1]       ; salida1[0]  ; 4.052 ; 4.052 ; 4.052 ; 4.052 ;
; b[1]       ; salida1[1]  ; 4.052 ; 4.052 ; 4.052 ; 4.052 ;
; b[1]       ; salida1[2]  ; 4.170 ; 4.170 ; 4.170 ; 4.170 ;
; b[1]       ; salida1[3]  ; 4.050 ; 4.050 ; 4.050 ; 4.050 ;
; b[1]       ; salida1[4]  ; 4.172 ; 4.172 ; 4.172 ; 4.172 ;
; b[1]       ; salida1[5]  ; 4.155 ; 4.155 ; 4.155 ; 4.155 ;
; b[1]       ; salida1[6]  ; 4.050 ; 4.050 ; 4.050 ; 4.050 ;
; b[1]       ; salida2[1]  ; 4.096 ; 4.096 ; 4.096 ; 4.096 ;
; b[1]       ; salida2[2]  ; 3.941 ; 3.941 ; 3.941 ; 3.941 ;
; b[1]       ; salida2[3]  ; 4.086 ; 4.086 ; 4.086 ; 4.086 ;
; b[1]       ; salida2[6]  ; 3.941 ; 3.941 ; 3.941 ; 3.941 ;
; b[2]       ; c_out       ; 4.646 ;       ;       ; 4.646 ;
; b[2]       ; salida1[0]  ; 3.183 ; 3.183 ; 3.183 ; 3.183 ;
; b[2]       ; salida1[1]  ; 3.183 ; 3.183 ; 3.183 ; 3.183 ;
; b[2]       ; salida1[2]  ; 3.301 ; 3.301 ; 3.301 ; 3.301 ;
; b[2]       ; salida1[3]  ; 3.181 ; 3.181 ; 3.181 ; 3.181 ;
; b[2]       ; salida1[4]  ; 3.303 ; 3.303 ; 3.303 ; 3.303 ;
; b[2]       ; salida1[5]  ; 3.286 ; 3.286 ; 3.286 ; 3.286 ;
; b[2]       ; salida1[6]  ; 3.181 ; 3.181 ; 3.181 ; 3.181 ;
; b[2]       ; salida2[1]  ; 3.228 ; 3.228 ; 3.228 ; 3.228 ;
; b[2]       ; salida2[2]  ; 3.073 ; 3.073 ; 3.073 ; 3.073 ;
; b[2]       ; salida2[3]  ; 3.218 ; 3.218 ; 3.218 ; 3.218 ;
; b[2]       ; salida2[6]  ; 3.073 ; 3.073 ; 3.073 ; 3.073 ;
; b[3]       ; c_out       ; 4.804 ;       ;       ; 4.804 ;
; b[3]       ; salida1[0]  ; 2.911 ; 2.911 ; 2.911 ; 2.911 ;
; b[3]       ; salida1[1]  ; 2.911 ; 2.911 ; 2.911 ; 2.911 ;
; b[3]       ; salida1[2]  ; 3.029 ; 3.029 ; 3.029 ; 3.029 ;
; b[3]       ; salida1[3]  ; 2.909 ; 2.909 ; 2.909 ; 2.909 ;
; b[3]       ; salida1[4]  ; 3.031 ; 3.031 ; 3.031 ; 3.031 ;
; b[3]       ; salida1[5]  ; 3.014 ; 3.014 ; 3.014 ; 3.014 ;
; b[3]       ; salida1[6]  ; 2.909 ; 2.909 ; 2.909 ; 2.909 ;
; b[3]       ; salida2[1]  ; 3.386 ; 3.386 ; 3.386 ; 3.386 ;
; b[3]       ; salida2[2]  ; 3.231 ; 3.231 ; 3.231 ; 3.231 ;
; b[3]       ; salida2[3]  ; 3.376 ; 3.376 ; 3.376 ; 3.376 ;
; b[3]       ; salida2[6]  ; 3.231 ; 3.231 ; 3.231 ; 3.231 ;
; b[4]       ; c_out       ; 4.241 ;       ;       ; 4.241 ;
; b[4]       ; salida2[1]  ; 2.820 ; 2.820 ; 2.820 ; 2.820 ;
; b[4]       ; salida2[2]  ; 2.665 ; 2.665 ; 2.665 ; 2.665 ;
; b[4]       ; salida2[3]  ; 2.810 ; 2.810 ; 2.810 ; 2.810 ;
; b[4]       ; salida2[6]  ; 2.665 ; 2.665 ; 2.665 ; 2.665 ;
+------------+-------------+-------+-------+-------+-------+


+----------------------------------------------------------+
; Minimum Propagation Delay                                ;
+------------+-------------+-------+-------+-------+-------+
; Input Port ; Output Port ; RR    ; RF    ; FR    ; FF    ;
+------------+-------------+-------+-------+-------+-------+
; a[0]       ; c_out       ; 5.799 ;       ;       ; 5.799 ;
; a[0]       ; salida1[0]  ; 3.625 ; 3.625 ; 3.625 ; 3.625 ;
; a[0]       ; salida1[1]  ; 3.625 ; 3.625 ; 3.625 ; 3.625 ;
; a[0]       ; salida1[2]  ; 3.737 ; 3.737 ; 3.737 ; 3.737 ;
; a[0]       ; salida1[3]  ; 3.626 ; 3.626 ; 3.626 ; 3.626 ;
; a[0]       ; salida1[4]  ; 3.729 ; 3.729 ; 3.729 ; 3.729 ;
; a[0]       ; salida1[5]  ; 3.734 ; 3.734 ; 3.734 ; 3.734 ;
; a[0]       ; salida1[6]  ; 3.626 ; 3.626 ; 3.626 ; 3.626 ;
; a[0]       ; salida2[1]  ; 4.381 ; 4.381 ; 4.381 ; 4.381 ;
; a[0]       ; salida2[2]  ; 4.226 ; 4.226 ; 4.226 ; 4.226 ;
; a[0]       ; salida2[3]  ; 4.371 ; 4.371 ; 4.371 ; 4.371 ;
; a[0]       ; salida2[6]  ; 4.226 ; 4.226 ; 4.226 ; 4.226 ;
; a[1]       ; c_out       ; 5.675 ;       ;       ; 5.675 ;
; a[1]       ; salida1[0]  ; 3.736 ; 3.736 ; 3.736 ; 3.736 ;
; a[1]       ; salida1[1]  ; 3.736 ; 3.736 ; 3.736 ; 3.736 ;
; a[1]       ; salida1[2]  ; 3.848 ; 3.848 ; 3.848 ; 3.848 ;
; a[1]       ; salida1[3]  ; 3.736 ; 3.736 ; 3.736 ; 3.736 ;
; a[1]       ; salida1[4]  ; 3.844 ; 3.844 ; 3.844 ; 3.844 ;
; a[1]       ; salida1[5]  ; 3.844 ; 3.844 ; 3.844 ; 3.844 ;
; a[1]       ; salida1[6]  ; 3.736 ; 3.736 ; 3.736 ; 3.736 ;
; a[1]       ; salida2[1]  ; 4.257 ; 4.257 ; 4.257 ; 4.257 ;
; a[1]       ; salida2[2]  ; 4.102 ; 4.102 ; 4.102 ; 4.102 ;
; a[1]       ; salida2[3]  ; 4.247 ; 4.247 ; 4.247 ; 4.247 ;
; a[1]       ; salida2[6]  ; 4.102 ; 4.102 ; 4.102 ; 4.102 ;
; a[2]       ; c_out       ; 5.423 ;       ;       ; 5.423 ;
; a[2]       ; salida1[0]  ; 3.712 ; 3.712 ; 3.712 ; 3.712 ;
; a[2]       ; salida1[1]  ; 3.712 ; 3.712 ; 3.712 ; 3.712 ;
; a[2]       ; salida1[2]  ; 3.824 ; 3.824 ; 3.824 ; 3.824 ;
; a[2]       ; salida1[3]  ; 3.713 ; 3.713 ; 3.713 ; 3.713 ;
; a[2]       ; salida1[4]  ; 3.818 ; 3.818 ; 3.818 ; 3.818 ;
; a[2]       ; salida1[5]  ; 3.820 ; 3.820 ; 3.820 ; 3.820 ;
; a[2]       ; salida1[6]  ; 3.713 ; 3.713 ; 3.713 ; 3.713 ;
; a[2]       ; salida2[1]  ; 4.005 ; 4.005 ; 4.005 ; 4.005 ;
; a[2]       ; salida2[2]  ; 3.850 ; 3.850 ; 3.850 ; 3.850 ;
; a[2]       ; salida2[3]  ; 3.995 ; 3.995 ; 3.995 ; 3.995 ;
; a[2]       ; salida2[6]  ; 3.850 ; 3.850 ; 3.850 ; 3.850 ;
; a[3]       ; c_out       ; 5.508 ;       ;       ; 5.508 ;
; a[3]       ; salida1[0]  ; 3.842 ; 3.842 ; 3.842 ; 3.842 ;
; a[3]       ; salida1[1]  ; 3.842 ; 3.842 ; 3.842 ; 3.842 ;
; a[3]       ; salida1[2]  ; 3.960 ; 3.960 ; 3.960 ; 3.960 ;
; a[3]       ; salida1[3]  ; 3.840 ; 3.840 ; 3.840 ; 3.840 ;
; a[3]       ; salida1[4]  ; 3.962 ; 3.962 ; 3.962 ; 3.962 ;
; a[3]       ; salida1[5]  ; 3.945 ; 3.945 ; 3.945 ; 3.945 ;
; a[3]       ; salida1[6]  ; 3.840 ; 3.840 ; 3.840 ; 3.840 ;
; a[3]       ; salida2[1]  ; 4.083 ; 4.083 ; 4.083 ; 4.083 ;
; a[3]       ; salida2[2]  ; 3.928 ; 3.928 ; 3.928 ; 3.928 ;
; a[3]       ; salida2[3]  ; 4.073 ; 4.073 ; 4.073 ; 4.073 ;
; a[3]       ; salida2[6]  ; 3.928 ; 3.928 ; 3.928 ; 3.928 ;
; a[4]       ; c_out       ; 4.904 ;       ;       ; 4.904 ;
; a[4]       ; salida2[1]  ; 3.476 ; 3.476 ; 3.476 ; 3.476 ;
; a[4]       ; salida2[2]  ; 3.321 ; 3.321 ; 3.321 ; 3.321 ;
; a[4]       ; salida2[3]  ; 3.466 ; 3.466 ; 3.466 ; 3.466 ;
; a[4]       ; salida2[6]  ; 3.321 ; 3.321 ; 3.321 ; 3.321 ;
; b[0]       ; c_out       ; 5.796 ;       ;       ; 5.796 ;
; b[0]       ; salida1[0]  ; 3.753 ; 3.753 ; 3.753 ; 3.753 ;
; b[0]       ; salida1[1]  ; 3.753 ; 3.753 ; 3.753 ; 3.753 ;
; b[0]       ; salida1[2]  ; 3.865 ; 3.865 ; 3.865 ; 3.865 ;
; b[0]       ; salida1[3]  ; 3.754 ; 3.754 ; 3.754 ; 3.754 ;
; b[0]       ; salida1[4]  ; 3.857 ; 3.857 ; 3.857 ; 3.857 ;
; b[0]       ; salida1[5]  ; 3.862 ; 3.862 ; 3.862 ; 3.862 ;
; b[0]       ; salida1[6]  ; 3.754 ; 3.754 ; 3.754 ; 3.754 ;
; b[0]       ; salida2[1]  ; 4.378 ; 4.378 ; 4.378 ; 4.378 ;
; b[0]       ; salida2[2]  ; 4.223 ; 4.223 ; 4.223 ; 4.223 ;
; b[0]       ; salida2[3]  ; 4.368 ; 4.368 ; 4.368 ; 4.368 ;
; b[0]       ; salida2[6]  ; 4.223 ; 4.223 ; 4.223 ; 4.223 ;
; b[1]       ; c_out       ; 5.514 ;       ;       ; 5.514 ;
; b[1]       ; salida1[0]  ; 3.571 ; 3.571 ; 3.571 ; 3.571 ;
; b[1]       ; salida1[1]  ; 3.571 ; 3.571 ; 3.571 ; 3.571 ;
; b[1]       ; salida1[2]  ; 3.683 ; 3.683 ; 3.683 ; 3.683 ;
; b[1]       ; salida1[3]  ; 3.571 ; 3.571 ; 3.571 ; 3.571 ;
; b[1]       ; salida1[4]  ; 3.679 ; 3.679 ; 3.679 ; 3.679 ;
; b[1]       ; salida1[5]  ; 3.679 ; 3.679 ; 3.679 ; 3.679 ;
; b[1]       ; salida1[6]  ; 3.571 ; 3.571 ; 3.571 ; 3.571 ;
; b[1]       ; salida2[1]  ; 4.096 ; 4.096 ; 4.096 ; 4.096 ;
; b[1]       ; salida2[2]  ; 3.941 ; 3.941 ; 3.941 ; 3.941 ;
; b[1]       ; salida2[3]  ; 4.086 ; 4.086 ; 4.086 ; 4.086 ;
; b[1]       ; salida2[6]  ; 3.941 ; 3.941 ; 3.941 ; 3.941 ;
; b[2]       ; c_out       ; 4.646 ;       ;       ; 4.646 ;
; b[2]       ; salida1[0]  ; 2.940 ; 2.940 ; 2.940 ; 2.940 ;
; b[2]       ; salida1[1]  ; 2.940 ; 2.940 ; 2.940 ; 2.940 ;
; b[2]       ; salida1[2]  ; 3.052 ; 3.052 ; 3.052 ; 3.052 ;
; b[2]       ; salida1[3]  ; 2.941 ; 2.941 ; 2.941 ; 2.941 ;
; b[2]       ; salida1[4]  ; 3.046 ; 3.046 ; 3.046 ; 3.046 ;
; b[2]       ; salida1[5]  ; 3.048 ; 3.048 ; 3.048 ; 3.048 ;
; b[2]       ; salida1[6]  ; 2.941 ; 2.941 ; 2.941 ; 2.941 ;
; b[2]       ; salida2[1]  ; 3.228 ; 3.228 ; 3.228 ; 3.228 ;
; b[2]       ; salida2[2]  ; 3.073 ; 3.073 ; 3.073 ; 3.073 ;
; b[2]       ; salida2[3]  ; 3.218 ; 3.218 ; 3.218 ; 3.218 ;
; b[2]       ; salida2[6]  ; 3.073 ; 3.073 ; 3.073 ; 3.073 ;
; b[3]       ; c_out       ; 4.748 ;       ;       ; 4.748 ;
; b[3]       ; salida1[0]  ; 2.911 ; 2.911 ; 2.911 ; 2.911 ;
; b[3]       ; salida1[1]  ; 2.911 ; 2.911 ; 2.911 ; 2.911 ;
; b[3]       ; salida1[2]  ; 3.029 ; 3.029 ; 3.029 ; 3.029 ;
; b[3]       ; salida1[3]  ; 2.909 ; 2.909 ; 2.909 ; 2.909 ;
; b[3]       ; salida1[4]  ; 3.031 ; 3.031 ; 3.031 ; 3.031 ;
; b[3]       ; salida1[5]  ; 3.014 ; 3.014 ; 3.014 ; 3.014 ;
; b[3]       ; salida1[6]  ; 2.909 ; 2.909 ; 2.909 ; 2.909 ;
; b[3]       ; salida2[1]  ; 3.323 ; 3.323 ; 3.323 ; 3.323 ;
; b[3]       ; salida2[2]  ; 3.168 ; 3.168 ; 3.168 ; 3.168 ;
; b[3]       ; salida2[3]  ; 3.313 ; 3.313 ; 3.313 ; 3.313 ;
; b[3]       ; salida2[6]  ; 3.168 ; 3.168 ; 3.168 ; 3.168 ;
; b[4]       ; c_out       ; 4.241 ;       ;       ; 4.241 ;
; b[4]       ; salida2[1]  ; 2.820 ; 2.820 ; 2.820 ; 2.820 ;
; b[4]       ; salida2[2]  ; 2.665 ; 2.665 ; 2.665 ; 2.665 ;
; b[4]       ; salida2[3]  ; 2.810 ; 2.810 ; 2.810 ; 2.810 ;
; b[4]       ; salida2[6]  ; 2.665 ; 2.665 ; 2.665 ; 2.665 ;
+------------+-------------+-------+-------+-------+-------+


+----------------------------------------------------------------------------+
; Multicorner Timing Analysis Summary                                        ;
+------------------+-------+------+----------+---------+---------------------+
; Clock            ; Setup ; Hold ; Recovery ; Removal ; Minimum Pulse Width ;
+------------------+-------+------+----------+---------+---------------------+
; Worst-case Slack ; N/A   ; N/A  ; N/A      ; N/A     ; N/A                 ;
; Design-wide TNS  ; 0.0   ; 0.0  ; 0.0      ; 0.0     ; 0.0                 ;
+------------------+-------+------+----------+---------+---------------------+


+--------------------------------------------------------------+
; Progagation Delay                                            ;
+------------+-------------+--------+--------+--------+--------+
; Input Port ; Output Port ; RR     ; RF     ; FR     ; FF     ;
+------------+-------------+--------+--------+--------+--------+
; a[0]       ; c_out       ; 13.666 ;        ;        ; 13.666 ;
; a[0]       ; salida1[0]  ; 10.024 ; 10.024 ; 10.024 ; 10.024 ;
; a[0]       ; salida1[1]  ; 9.993  ; 9.993  ; 9.993  ; 9.993  ;
; a[0]       ; salida1[2]  ; 10.325 ; 10.325 ; 10.325 ; 10.325 ;
; a[0]       ; salida1[3]  ; 10.019 ; 10.019 ; 10.019 ; 10.019 ;
; a[0]       ; salida1[4]  ; 10.343 ; 10.343 ; 10.343 ; 10.343 ;
; a[0]       ; salida1[5]  ; 10.343 ; 10.343 ; 10.343 ; 10.343 ;
; a[0]       ; salida1[6]  ; 9.991  ; 9.991  ; 9.991  ; 9.991  ;
; a[0]       ; salida2[1]  ; 10.036 ; 10.036 ; 10.036 ; 10.036 ;
; a[0]       ; salida2[2]  ; 9.670  ; 9.670  ; 9.670  ; 9.670  ;
; a[0]       ; salida2[3]  ; 10.026 ; 10.026 ; 10.026 ; 10.026 ;
; a[0]       ; salida2[6]  ; 9.670  ; 9.670  ; 9.670  ; 9.670  ;
; a[1]       ; c_out       ; 13.293 ;        ;        ; 13.293 ;
; a[1]       ; salida1[0]  ; 9.651  ; 9.651  ; 9.651  ; 9.651  ;
; a[1]       ; salida1[1]  ; 9.620  ; 9.620  ; 9.620  ; 9.620  ;
; a[1]       ; salida1[2]  ; 9.952  ; 9.952  ; 9.952  ; 9.952  ;
; a[1]       ; salida1[3]  ; 9.646  ; 9.646  ; 9.646  ; 9.646  ;
; a[1]       ; salida1[4]  ; 9.970  ; 9.970  ; 9.970  ; 9.970  ;
; a[1]       ; salida1[5]  ; 9.970  ; 9.970  ; 9.970  ; 9.970  ;
; a[1]       ; salida1[6]  ; 9.618  ; 9.618  ; 9.618  ; 9.618  ;
; a[1]       ; salida2[1]  ; 9.663  ; 9.663  ; 9.663  ; 9.663  ;
; a[1]       ; salida2[2]  ; 9.297  ; 9.297  ; 9.297  ; 9.297  ;
; a[1]       ; salida2[3]  ; 9.653  ; 9.653  ; 9.653  ; 9.653  ;
; a[1]       ; salida2[6]  ; 9.297  ; 9.297  ; 9.297  ; 9.297  ;
; a[2]       ; c_out       ; 12.584 ;        ;        ; 12.584 ;
; a[2]       ; salida1[0]  ; 8.906  ; 8.906  ; 8.906  ; 8.906  ;
; a[2]       ; salida1[1]  ; 8.875  ; 8.875  ; 8.875  ; 8.875  ;
; a[2]       ; salida1[2]  ; 9.207  ; 9.207  ; 9.207  ; 9.207  ;
; a[2]       ; salida1[3]  ; 8.901  ; 8.901  ; 8.901  ; 8.901  ;
; a[2]       ; salida1[4]  ; 9.225  ; 9.225  ; 9.225  ; 9.225  ;
; a[2]       ; salida1[5]  ; 9.225  ; 9.225  ; 9.225  ; 9.225  ;
; a[2]       ; salida1[6]  ; 8.873  ; 8.873  ; 8.873  ; 8.873  ;
; a[2]       ; salida2[1]  ; 8.954  ; 8.954  ; 8.954  ; 8.954  ;
; a[2]       ; salida2[2]  ; 8.588  ; 8.588  ; 8.588  ; 8.588  ;
; a[2]       ; salida2[3]  ; 8.944  ; 8.944  ; 8.944  ; 8.944  ;
; a[2]       ; salida2[6]  ; 8.588  ; 8.588  ; 8.588  ; 8.588  ;
; a[3]       ; c_out       ; 12.815 ;        ;        ; 12.815 ;
; a[3]       ; salida1[0]  ; 8.515  ; 8.515  ; 8.515  ; 8.515  ;
; a[3]       ; salida1[1]  ; 8.484  ; 8.484  ; 8.484  ; 8.484  ;
; a[3]       ; salida1[2]  ; 8.816  ; 8.816  ; 8.816  ; 8.816  ;
; a[3]       ; salida1[3]  ; 8.510  ; 8.510  ; 8.510  ; 8.510  ;
; a[3]       ; salida1[4]  ; 8.834  ; 8.834  ; 8.834  ; 8.834  ;
; a[3]       ; salida1[5]  ; 8.834  ; 8.834  ; 8.834  ; 8.834  ;
; a[3]       ; salida1[6]  ; 8.482  ; 8.482  ; 8.482  ; 8.482  ;
; a[3]       ; salida2[1]  ; 9.185  ; 9.185  ; 9.185  ; 9.185  ;
; a[3]       ; salida2[2]  ; 8.819  ; 8.819  ; 8.819  ; 8.819  ;
; a[3]       ; salida2[3]  ; 9.175  ; 9.175  ; 9.175  ; 9.175  ;
; a[3]       ; salida2[6]  ; 8.819  ; 8.819  ; 8.819  ; 8.819  ;
; a[4]       ; c_out       ; 11.071 ;        ;        ; 11.071 ;
; a[4]       ; salida2[1]  ; 7.437  ; 7.437  ; 7.437  ; 7.437  ;
; a[4]       ; salida2[2]  ; 7.071  ; 7.071  ; 7.071  ; 7.071  ;
; a[4]       ; salida2[3]  ; 7.427  ; 7.427  ; 7.427  ; 7.427  ;
; a[4]       ; salida2[6]  ; 7.071  ; 7.071  ; 7.071  ; 7.071  ;
; b[0]       ; c_out       ; 13.559 ;        ;        ; 13.559 ;
; b[0]       ; salida1[0]  ; 9.917  ; 9.917  ; 9.917  ; 9.917  ;
; b[0]       ; salida1[1]  ; 9.886  ; 9.886  ; 9.886  ; 9.886  ;
; b[0]       ; salida1[2]  ; 10.218 ; 10.218 ; 10.218 ; 10.218 ;
; b[0]       ; salida1[3]  ; 9.912  ; 9.912  ; 9.912  ; 9.912  ;
; b[0]       ; salida1[4]  ; 10.236 ; 10.236 ; 10.236 ; 10.236 ;
; b[0]       ; salida1[5]  ; 10.236 ; 10.236 ; 10.236 ; 10.236 ;
; b[0]       ; salida1[6]  ; 9.884  ; 9.884  ; 9.884  ; 9.884  ;
; b[0]       ; salida2[1]  ; 9.929  ; 9.929  ; 9.929  ; 9.929  ;
; b[0]       ; salida2[2]  ; 9.563  ; 9.563  ; 9.563  ; 9.563  ;
; b[0]       ; salida2[3]  ; 9.919  ; 9.919  ; 9.919  ; 9.919  ;
; b[0]       ; salida2[6]  ; 9.563  ; 9.563  ; 9.563  ; 9.563  ;
; b[1]       ; c_out       ; 12.871 ;        ;        ; 12.871 ;
; b[1]       ; salida1[0]  ; 9.229  ; 9.229  ; 9.229  ; 9.229  ;
; b[1]       ; salida1[1]  ; 9.198  ; 9.198  ; 9.198  ; 9.198  ;
; b[1]       ; salida1[2]  ; 9.530  ; 9.530  ; 9.530  ; 9.530  ;
; b[1]       ; salida1[3]  ; 9.224  ; 9.224  ; 9.224  ; 9.224  ;
; b[1]       ; salida1[4]  ; 9.548  ; 9.548  ; 9.548  ; 9.548  ;
; b[1]       ; salida1[5]  ; 9.548  ; 9.548  ; 9.548  ; 9.548  ;
; b[1]       ; salida1[6]  ; 9.196  ; 9.196  ; 9.196  ; 9.196  ;
; b[1]       ; salida2[1]  ; 9.241  ; 9.241  ; 9.241  ; 9.241  ;
; b[1]       ; salida2[2]  ; 8.875  ; 8.875  ; 8.875  ; 8.875  ;
; b[1]       ; salida2[3]  ; 9.231  ; 9.231  ; 9.231  ; 9.231  ;
; b[1]       ; salida2[6]  ; 8.875  ; 8.875  ; 8.875  ; 8.875  ;
; b[2]       ; c_out       ; 10.789 ;        ;        ; 10.789 ;
; b[2]       ; salida1[0]  ; 7.149  ; 7.149  ; 7.149  ; 7.149  ;
; b[2]       ; salida1[1]  ; 7.118  ; 7.118  ; 7.118  ; 7.118  ;
; b[2]       ; salida1[2]  ; 7.450  ; 7.450  ; 7.450  ; 7.450  ;
; b[2]       ; salida1[3]  ; 7.144  ; 7.144  ; 7.144  ; 7.144  ;
; b[2]       ; salida1[4]  ; 7.468  ; 7.468  ; 7.468  ; 7.468  ;
; b[2]       ; salida1[5]  ; 7.468  ; 7.468  ; 7.468  ; 7.468  ;
; b[2]       ; salida1[6]  ; 7.116  ; 7.116  ; 7.116  ; 7.116  ;
; b[2]       ; salida2[1]  ; 7.159  ; 7.159  ; 7.159  ; 7.159  ;
; b[2]       ; salida2[2]  ; 6.793  ; 6.793  ; 6.793  ; 6.793  ;
; b[2]       ; salida2[3]  ; 7.149  ; 7.149  ; 7.149  ; 7.149  ;
; b[2]       ; salida2[6]  ; 6.793  ; 6.793  ; 6.793  ; 6.793  ;
; b[3]       ; c_out       ; 11.304 ;        ;        ; 11.304 ;
; b[3]       ; salida1[0]  ; 6.414  ; 6.414  ; 6.414  ; 6.414  ;
; b[3]       ; salida1[1]  ; 6.383  ; 6.383  ; 6.383  ; 6.383  ;
; b[3]       ; salida1[2]  ; 6.715  ; 6.715  ; 6.715  ; 6.715  ;
; b[3]       ; salida1[3]  ; 6.409  ; 6.409  ; 6.409  ; 6.409  ;
; b[3]       ; salida1[4]  ; 6.733  ; 6.733  ; 6.733  ; 6.733  ;
; b[3]       ; salida1[5]  ; 6.733  ; 6.733  ; 6.733  ; 6.733  ;
; b[3]       ; salida1[6]  ; 6.381  ; 6.381  ; 6.381  ; 6.381  ;
; b[3]       ; salida2[1]  ; 7.674  ; 7.674  ; 7.674  ; 7.674  ;
; b[3]       ; salida2[2]  ; 7.308  ; 7.308  ; 7.308  ; 7.308  ;
; b[3]       ; salida2[3]  ; 7.664  ; 7.664  ; 7.664  ; 7.664  ;
; b[3]       ; salida2[6]  ; 7.308  ; 7.308  ; 7.308  ; 7.308  ;
; b[4]       ; c_out       ; 9.743  ;        ;        ; 9.743  ;
; b[4]       ; salida2[1]  ; 6.111  ; 6.111  ; 6.111  ; 6.111  ;
; b[4]       ; salida2[2]  ; 5.745  ; 5.745  ; 5.745  ; 5.745  ;
; b[4]       ; salida2[3]  ; 6.101  ; 6.101  ; 6.101  ; 6.101  ;
; b[4]       ; salida2[6]  ; 5.745  ; 5.745  ; 5.745  ; 5.745  ;
+------------+-------------+--------+--------+--------+--------+


+----------------------------------------------------------+
; Minimum Progagation Delay                                ;
+------------+-------------+-------+-------+-------+-------+
; Input Port ; Output Port ; RR    ; RF    ; FR    ; FF    ;
+------------+-------------+-------+-------+-------+-------+
; a[0]       ; c_out       ; 5.799 ;       ;       ; 5.799 ;
; a[0]       ; salida1[0]  ; 3.625 ; 3.625 ; 3.625 ; 3.625 ;
; a[0]       ; salida1[1]  ; 3.625 ; 3.625 ; 3.625 ; 3.625 ;
; a[0]       ; salida1[2]  ; 3.737 ; 3.737 ; 3.737 ; 3.737 ;
; a[0]       ; salida1[3]  ; 3.626 ; 3.626 ; 3.626 ; 3.626 ;
; a[0]       ; salida1[4]  ; 3.729 ; 3.729 ; 3.729 ; 3.729 ;
; a[0]       ; salida1[5]  ; 3.734 ; 3.734 ; 3.734 ; 3.734 ;
; a[0]       ; salida1[6]  ; 3.626 ; 3.626 ; 3.626 ; 3.626 ;
; a[0]       ; salida2[1]  ; 4.381 ; 4.381 ; 4.381 ; 4.381 ;
; a[0]       ; salida2[2]  ; 4.226 ; 4.226 ; 4.226 ; 4.226 ;
; a[0]       ; salida2[3]  ; 4.371 ; 4.371 ; 4.371 ; 4.371 ;
; a[0]       ; salida2[6]  ; 4.226 ; 4.226 ; 4.226 ; 4.226 ;
; a[1]       ; c_out       ; 5.675 ;       ;       ; 5.675 ;
; a[1]       ; salida1[0]  ; 3.736 ; 3.736 ; 3.736 ; 3.736 ;
; a[1]       ; salida1[1]  ; 3.736 ; 3.736 ; 3.736 ; 3.736 ;
; a[1]       ; salida1[2]  ; 3.848 ; 3.848 ; 3.848 ; 3.848 ;
; a[1]       ; salida1[3]  ; 3.736 ; 3.736 ; 3.736 ; 3.736 ;
; a[1]       ; salida1[4]  ; 3.844 ; 3.844 ; 3.844 ; 3.844 ;
; a[1]       ; salida1[5]  ; 3.844 ; 3.844 ; 3.844 ; 3.844 ;
; a[1]       ; salida1[6]  ; 3.736 ; 3.736 ; 3.736 ; 3.736 ;
; a[1]       ; salida2[1]  ; 4.257 ; 4.257 ; 4.257 ; 4.257 ;
; a[1]       ; salida2[2]  ; 4.102 ; 4.102 ; 4.102 ; 4.102 ;
; a[1]       ; salida2[3]  ; 4.247 ; 4.247 ; 4.247 ; 4.247 ;
; a[1]       ; salida2[6]  ; 4.102 ; 4.102 ; 4.102 ; 4.102 ;
; a[2]       ; c_out       ; 5.423 ;       ;       ; 5.423 ;
; a[2]       ; salida1[0]  ; 3.712 ; 3.712 ; 3.712 ; 3.712 ;
; a[2]       ; salida1[1]  ; 3.712 ; 3.712 ; 3.712 ; 3.712 ;
; a[2]       ; salida1[2]  ; 3.824 ; 3.824 ; 3.824 ; 3.824 ;
; a[2]       ; salida1[3]  ; 3.713 ; 3.713 ; 3.713 ; 3.713 ;
; a[2]       ; salida1[4]  ; 3.818 ; 3.818 ; 3.818 ; 3.818 ;
; a[2]       ; salida1[5]  ; 3.820 ; 3.820 ; 3.820 ; 3.820 ;
; a[2]       ; salida1[6]  ; 3.713 ; 3.713 ; 3.713 ; 3.713 ;
; a[2]       ; salida2[1]  ; 4.005 ; 4.005 ; 4.005 ; 4.005 ;
; a[2]       ; salida2[2]  ; 3.850 ; 3.850 ; 3.850 ; 3.850 ;
; a[2]       ; salida2[3]  ; 3.995 ; 3.995 ; 3.995 ; 3.995 ;
; a[2]       ; salida2[6]  ; 3.850 ; 3.850 ; 3.850 ; 3.850 ;
; a[3]       ; c_out       ; 5.508 ;       ;       ; 5.508 ;
; a[3]       ; salida1[0]  ; 3.842 ; 3.842 ; 3.842 ; 3.842 ;
; a[3]       ; salida1[1]  ; 3.842 ; 3.842 ; 3.842 ; 3.842 ;
; a[3]       ; salida1[2]  ; 3.960 ; 3.960 ; 3.960 ; 3.960 ;
; a[3]       ; salida1[3]  ; 3.840 ; 3.840 ; 3.840 ; 3.840 ;
; a[3]       ; salida1[4]  ; 3.962 ; 3.962 ; 3.962 ; 3.962 ;
; a[3]       ; salida1[5]  ; 3.945 ; 3.945 ; 3.945 ; 3.945 ;
; a[3]       ; salida1[6]  ; 3.840 ; 3.840 ; 3.840 ; 3.840 ;
; a[3]       ; salida2[1]  ; 4.083 ; 4.083 ; 4.083 ; 4.083 ;
; a[3]       ; salida2[2]  ; 3.928 ; 3.928 ; 3.928 ; 3.928 ;
; a[3]       ; salida2[3]  ; 4.073 ; 4.073 ; 4.073 ; 4.073 ;
; a[3]       ; salida2[6]  ; 3.928 ; 3.928 ; 3.928 ; 3.928 ;
; a[4]       ; c_out       ; 4.904 ;       ;       ; 4.904 ;
; a[4]       ; salida2[1]  ; 3.476 ; 3.476 ; 3.476 ; 3.476 ;
; a[4]       ; salida2[2]  ; 3.321 ; 3.321 ; 3.321 ; 3.321 ;
; a[4]       ; salida2[3]  ; 3.466 ; 3.466 ; 3.466 ; 3.466 ;
; a[4]       ; salida2[6]  ; 3.321 ; 3.321 ; 3.321 ; 3.321 ;
; b[0]       ; c_out       ; 5.796 ;       ;       ; 5.796 ;
; b[0]       ; salida1[0]  ; 3.753 ; 3.753 ; 3.753 ; 3.753 ;
; b[0]       ; salida1[1]  ; 3.753 ; 3.753 ; 3.753 ; 3.753 ;
; b[0]       ; salida1[2]  ; 3.865 ; 3.865 ; 3.865 ; 3.865 ;
; b[0]       ; salida1[3]  ; 3.754 ; 3.754 ; 3.754 ; 3.754 ;
; b[0]       ; salida1[4]  ; 3.857 ; 3.857 ; 3.857 ; 3.857 ;
; b[0]       ; salida1[5]  ; 3.862 ; 3.862 ; 3.862 ; 3.862 ;
; b[0]       ; salida1[6]  ; 3.754 ; 3.754 ; 3.754 ; 3.754 ;
; b[0]       ; salida2[1]  ; 4.378 ; 4.378 ; 4.378 ; 4.378 ;
; b[0]       ; salida2[2]  ; 4.223 ; 4.223 ; 4.223 ; 4.223 ;
; b[0]       ; salida2[3]  ; 4.368 ; 4.368 ; 4.368 ; 4.368 ;
; b[0]       ; salida2[6]  ; 4.223 ; 4.223 ; 4.223 ; 4.223 ;
; b[1]       ; c_out       ; 5.514 ;       ;       ; 5.514 ;
; b[1]       ; salida1[0]  ; 3.571 ; 3.571 ; 3.571 ; 3.571 ;
; b[1]       ; salida1[1]  ; 3.571 ; 3.571 ; 3.571 ; 3.571 ;
; b[1]       ; salida1[2]  ; 3.683 ; 3.683 ; 3.683 ; 3.683 ;
; b[1]       ; salida1[3]  ; 3.571 ; 3.571 ; 3.571 ; 3.571 ;
; b[1]       ; salida1[4]  ; 3.679 ; 3.679 ; 3.679 ; 3.679 ;
; b[1]       ; salida1[5]  ; 3.679 ; 3.679 ; 3.679 ; 3.679 ;
; b[1]       ; salida1[6]  ; 3.571 ; 3.571 ; 3.571 ; 3.571 ;
; b[1]       ; salida2[1]  ; 4.096 ; 4.096 ; 4.096 ; 4.096 ;
; b[1]       ; salida2[2]  ; 3.941 ; 3.941 ; 3.941 ; 3.941 ;
; b[1]       ; salida2[3]  ; 4.086 ; 4.086 ; 4.086 ; 4.086 ;
; b[1]       ; salida2[6]  ; 3.941 ; 3.941 ; 3.941 ; 3.941 ;
; b[2]       ; c_out       ; 4.646 ;       ;       ; 4.646 ;
; b[2]       ; salida1[0]  ; 2.940 ; 2.940 ; 2.940 ; 2.940 ;
; b[2]       ; salida1[1]  ; 2.940 ; 2.940 ; 2.940 ; 2.940 ;
; b[2]       ; salida1[2]  ; 3.052 ; 3.052 ; 3.052 ; 3.052 ;
; b[2]       ; salida1[3]  ; 2.941 ; 2.941 ; 2.941 ; 2.941 ;
; b[2]       ; salida1[4]  ; 3.046 ; 3.046 ; 3.046 ; 3.046 ;
; b[2]       ; salida1[5]  ; 3.048 ; 3.048 ; 3.048 ; 3.048 ;
; b[2]       ; salida1[6]  ; 2.941 ; 2.941 ; 2.941 ; 2.941 ;
; b[2]       ; salida2[1]  ; 3.228 ; 3.228 ; 3.228 ; 3.228 ;
; b[2]       ; salida2[2]  ; 3.073 ; 3.073 ; 3.073 ; 3.073 ;
; b[2]       ; salida2[3]  ; 3.218 ; 3.218 ; 3.218 ; 3.218 ;
; b[2]       ; salida2[6]  ; 3.073 ; 3.073 ; 3.073 ; 3.073 ;
; b[3]       ; c_out       ; 4.748 ;       ;       ; 4.748 ;
; b[3]       ; salida1[0]  ; 2.911 ; 2.911 ; 2.911 ; 2.911 ;
; b[3]       ; salida1[1]  ; 2.911 ; 2.911 ; 2.911 ; 2.911 ;
; b[3]       ; salida1[2]  ; 3.029 ; 3.029 ; 3.029 ; 3.029 ;
; b[3]       ; salida1[3]  ; 2.909 ; 2.909 ; 2.909 ; 2.909 ;
; b[3]       ; salida1[4]  ; 3.031 ; 3.031 ; 3.031 ; 3.031 ;
; b[3]       ; salida1[5]  ; 3.014 ; 3.014 ; 3.014 ; 3.014 ;
; b[3]       ; salida1[6]  ; 2.909 ; 2.909 ; 2.909 ; 2.909 ;
; b[3]       ; salida2[1]  ; 3.323 ; 3.323 ; 3.323 ; 3.323 ;
; b[3]       ; salida2[2]  ; 3.168 ; 3.168 ; 3.168 ; 3.168 ;
; b[3]       ; salida2[3]  ; 3.313 ; 3.313 ; 3.313 ; 3.313 ;
; b[3]       ; salida2[6]  ; 3.168 ; 3.168 ; 3.168 ; 3.168 ;
; b[4]       ; c_out       ; 4.241 ;       ;       ; 4.241 ;
; b[4]       ; salida2[1]  ; 2.820 ; 2.820 ; 2.820 ; 2.820 ;
; b[4]       ; salida2[2]  ; 2.665 ; 2.665 ; 2.665 ; 2.665 ;
; b[4]       ; salida2[3]  ; 2.810 ; 2.810 ; 2.810 ; 2.810 ;
; b[4]       ; salida2[6]  ; 2.665 ; 2.665 ; 2.665 ; 2.665 ;
+------------+-------------+-------+-------+-------+-------+


-------------------
; Clock Transfers ;
-------------------
Nothing to report.


---------------
; Report TCCS ;
---------------
No dedicated SERDES Transmitter circuitry present in device or used in design


---------------
; Report RSKM ;
---------------
No dedicated SERDES Receiver circuitry present in device or used in design


+------------------------------------------------+
; Unconstrained Paths                            ;
+---------------------------------+-------+------+
; Property                        ; Setup ; Hold ;
+---------------------------------+-------+------+
; Illegal Clocks                  ; 0     ; 0    ;
; Unconstrained Clocks            ; 0     ; 0    ;
; Unconstrained Input Ports       ; 10    ; 10   ;
; Unconstrained Input Port Paths  ; 106   ; 106  ;
; Unconstrained Output Ports      ; 12    ; 12   ;
; Unconstrained Output Port Paths ; 106   ; 106  ;
+---------------------------------+-------+------+


+------------------------------------+
; TimeQuest Timing Analyzer Messages ;
+------------------------------------+
Info: *******************************************************************
Info: Running Quartus II 64-Bit TimeQuest Timing Analyzer
    Info: Version 13.0.1 Build 232 06/12/2013 Service Pack 1 SJ Web Edition
    Info: Processing started: Tue Oct 27 08:07:25 2020
Info: Command: quartus_sta Practica5 -c Practica5
Info: qsta_default_script.tcl version: #1
Warning (20028): Parallel compilation is not licensed and has been disabled
Info (21077): Low junction temperature is 0 degrees C
Info (21077): High junction temperature is 85 degrees C
Critical Warning (332012): Synopsys Design Constraints File file not found: 'Practica5.sdc'. A Synopsys Design Constraints File is required by the TimeQuest Timing Analyzer to get proper timing constraints. Without it, the Compiler will not properly optimize the design.
Info (332142): No user constrained base clocks found in the design. Calling "derive_clocks -period 1.0"
Info (332096): The command derive_clocks did not find any clocks to derive.  No clocks were created or changed.
Warning (332068): No clocks defined in design.
Info: Found TIMEQUEST_REPORT_SCRIPT_INCLUDE_DEFAULT_ANALYSIS = ON
Info (332159): No clocks to report
Info: Analyzing Slow Model
Info (332140): No fmax paths to report
Info (332140): No Setup paths to report
Info (332140): No Hold paths to report
Info (332140): No Recovery paths to report
Info (332140): No Removal paths to report
Info (332140): No Minimum Pulse Width paths to report
Info (332001): The selected device family is not supported by the report_metastability command.
Info: Analyzing Fast Model
Info (332142): No user constrained base clocks found in the design. Calling "derive_clocks -period 1.0"
Info (332096): The command derive_clocks did not find any clocks to derive.  No clocks were created or changed.
Warning (332068): No clocks defined in design.
Info (332140): No Setup paths to report
Info (332140): No Hold paths to report
Info (332140): No Recovery paths to report
Info (332140): No Removal paths to report
Info (332140): No Minimum Pulse Width paths to report
Info (332001): The selected device family is not supported by the report_metastability command.
Info (332102): Design is not fully constrained for setup requirements
Info (332102): Design is not fully constrained for hold requirements
Info: Quartus II 64-Bit TimeQuest Timing Analyzer was successful. 0 errors, 4 warnings
    Info: Peak virtual memory: 4544 megabytes
    Info: Processing ended: Tue Oct 27 08:07:29 2020
    Info: Elapsed time: 00:00:04
    Info: Total CPU time (on all processors): 00:00:02


